"../../../../../../Davinci/5tiCuatri/Programacion en motores 1/Proyecto2/EpicSurvivalGameSeries-master/EpicSurvivalGameSeries-master/SurvivalGame/Content/Items/Textures/T_DustParticles_M.uasset" 0
"../../../Engine/Content/Functions/Engine_MaterialFunctions03/Procedurals/ObjectSpaceFalloff.uasset" 1
"../../../Engine/Content/Functions/Engine_MaterialFunctions02/Fresnel_Function.uasset" 2
"../../../Engine/Content/Functions/Engine_MaterialFunctions02/Fresnel.uasset" 3
"../../../Engine/Content/Functions/Engine_MaterialFunctions01/Gradient/LinearGradient.uasset" 4
"../../../Engine/Content/Functions/Engine_MaterialFunctions01/ImageAdjustment/CheapContrast.uasset" 5
"../../../Engine/Content/EngineMaterials/DefaultDiffuse.uasset" 6
"../../../Engine/Content/Functions/Engine_MaterialFunctions01/Texturing/WorldAlignedTexture.uasset" 7
"../../../../../../Davinci/5tiCuatri/Programacion en motores 1/Proyecto2/EpicSurvivalGameSeries-master/EpicSurvivalGameSeries-master/SurvivalGame/Content/Items/Materials/M_LightCone.uasset" 8
"../../../../../../Davinci/5tiCuatri/Programacion en motores 1/Proyecto2/EpicSurvivalGameSeries-master/EpicSurvivalGameSeries-master/SurvivalGame/Content/Items/Materials/MI_LightCone.uasset" 9
"../../../../../../Davinci/5tiCuatri/Programacion en motores 1/Proyecto2/EpicSurvivalGameSeries-master/EpicSurvivalGameSeries-master/SurvivalGame/Content/Weapons/SM_FlashLight_LightCone.uasset" 10
"../../../../../../Davinci/5tiCuatri/Programacion en motores 1/Proyecto2/EpicSurvivalGameSeries-master/EpicSurvivalGameSeries-master/SurvivalGame/Content/Sound/Weapons/Mono/Weapon_AssaultRifle_Swap03.uasset" 11
"../../../../../../Davinci/5tiCuatri/Programacion en motores 1/Proyecto2/EpicSurvivalGameSeries-master/EpicSurvivalGameSeries-master/SurvivalGame/Content/Sound/Weapons/Mono/Weapon_AssaultRifle_Swap02.uasset" 12
"../../../../../../Davinci/5tiCuatri/Programacion en motores 1/Proyecto2/EpicSurvivalGameSeries-master/EpicSurvivalGameSeries-master/SurvivalGame/Content/Sound/Weapons/Mono/Weapon_AssaultRifle_Swap01.uasset" 13
"../../../../../../Davinci/5tiCuatri/Programacion en motores 1/Proyecto2/EpicSurvivalGameSeries-master/EpicSurvivalGameSeries-master/SurvivalGame/Content/Sound/Weapons/AssaultRifle_Equip_Cue.uasset" 14
"../../../../../../Davinci/5tiCuatri/Programacion en motores 1/Proyecto2/EpicSurvivalGameSeries-master/EpicSurvivalGameSeries-master/SurvivalGame/Content/Sound/Items/Flashlight_Toggle.uasset" 15
"../../../../../../Davinci/5tiCuatri/Programacion en motores 1/Proyecto2/EpicSurvivalGameSeries-master/EpicSurvivalGameSeries-master/SurvivalGame/Content/Sound/Items/Flashlight_Toggle_Cue.uasset" 16
"../../../../../../Davinci/5tiCuatri/Programacion en motores 1/Proyecto2/EpicSurvivalGameSeries-master/EpicSurvivalGameSeries-master/SurvivalGame/Content/Weapons/SK_FlashLight_Skeleton.uasset" 17
"../../../../../../Davinci/5tiCuatri/Programacion en motores 1/Proyecto2/EpicSurvivalGameSeries-master/EpicSurvivalGameSeries-master/SurvivalGame/Content/Weapons/SK_FlashLight_PhysicsAsset.uasset" 18
"../../../../../../Davinci/5tiCuatri/Programacion en motores 1/Proyecto2/EpicSurvivalGameSeries-master/EpicSurvivalGameSeries-master/SurvivalGame/Content/Items/Textures/T_FlashLight_N.uasset" 19
"../../../../../../Davinci/5tiCuatri/Programacion en motores 1/Proyecto2/EpicSurvivalGameSeries-master/EpicSurvivalGameSeries-master/SurvivalGame/Content/Items/Textures/T_FlashLight_M.uasset" 20
"../../../../../../Davinci/5tiCuatri/Programacion en motores 1/Proyecto2/EpicSurvivalGameSeries-master/EpicSurvivalGameSeries-master/SurvivalGame/Content/Items/Textures/T_FlashLight_AO.uasset" 21
"../../../../../../Davinci/5tiCuatri/Programacion en motores 1/Proyecto2/EpicSurvivalGameSeries-master/EpicSurvivalGameSeries-master/SurvivalGame/Content/Items/Materials/M_Flashlight_01.uasset" 22
"../../../../../../Davinci/5tiCuatri/Programacion en motores 1/Proyecto2/EpicSurvivalGameSeries-master/EpicSurvivalGameSeries-master/SurvivalGame/Content/Items/Materials/MI_FlashLight_Lit.uasset" 23
"../../../../../../Davinci/5tiCuatri/Programacion en motores 1/Proyecto2/EpicSurvivalGameSeries-master/EpicSurvivalGameSeries-master/SurvivalGame/Content/Weapons/SK_FlashLight.uasset" 24
"../../../../../../Davinci/5tiCuatri/Programacion en motores 1/Proyecto2/EpicSurvivalGameSeries-master/EpicSurvivalGameSeries-master/SurvivalGame/Content/AnimStarterPack/UE4_Mannequin/Mesh/UE4_Mannequin_Skeleton.uasset" 25
"../../../../../../Davinci/5tiCuatri/Programacion en motores 1/Proyecto2/EpicSurvivalGameSeries-master/EpicSurvivalGameSeries-master/SurvivalGame/Content/AnimStarterPack/Animations/Equip_Rifle_Standing.uasset" 26
"../../../../../../Davinci/5tiCuatri/Programacion en motores 1/Proyecto2/EpicSurvivalGameSeries-master/EpicSurvivalGameSeries-master/SurvivalGame/Content/AnimStarterPack/Animations/Equip_Rifle_Standing_Montage.uasset" 27
"../../../../../../Davinci/5tiCuatri/Programacion en motores 1/Proyecto2/EpicSurvivalGameSeries-master/EpicSurvivalGameSeries-master/SurvivalGame/Content/Items/Materials/MI_FlashLight_Unlit.uasset" 28
"../../../../../../Davinci/5tiCuatri/Programacion en motores 1/Proyecto2/EpicSurvivalGameSeries-master/EpicSurvivalGameSeries-master/SurvivalGame/Content/Items/Meshes/SM_FlashLight.uasset" 29
"../../../../../../Davinci/5tiCuatri/Programacion en motores 1/Proyecto2/EpicSurvivalGameSeries-master/EpicSurvivalGameSeries-master/SurvivalGame/Content/Items/FlashlightPickup.uasset" 30
"../../../../../../Davinci/5tiCuatri/Programacion en motores 1/Proyecto2/EpicSurvivalGameSeries-master/EpicSurvivalGameSeries-master/SurvivalGame/Content/Weapons/FlashLight.uasset" 31
"../../../../../../Davinci/5tiCuatri/Programacion en motores 1/Proyecto2/EpicSurvivalGameSeries-master/EpicSurvivalGameSeries-master/SurvivalGame/Content/Weapons/M_RifleTracer_01.uasset" 32
"../../../../../../Davinci/5tiCuatri/Programacion en motores 1/Proyecto2/EpicSurvivalGameSeries-master/EpicSurvivalGameSeries-master/SurvivalGame/Content/Weapons/P_RifleTracer_01.uasset" 33
"../../../../../../Davinci/5tiCuatri/Programacion en motores 1/Proyecto2/EpicSurvivalGameSeries-master/EpicSurvivalGameSeries-master/SurvivalGame/Content/Sound/Swish_PunchSwing04.uasset" 34
"../../../../../../Davinci/5tiCuatri/Programacion en motores 1/Proyecto2/EpicSurvivalGameSeries-master/EpicSurvivalGameSeries-master/SurvivalGame/Content/Sound/Swish_PunchSwing03.uasset" 35
"../../../../../../Davinci/5tiCuatri/Programacion en motores 1/Proyecto2/EpicSurvivalGameSeries-master/EpicSurvivalGameSeries-master/SurvivalGame/Content/Sound/Swish_PunchSwing02.uasset" 36
"../../../../../../Davinci/5tiCuatri/Programacion en motores 1/Proyecto2/EpicSurvivalGameSeries-master/EpicSurvivalGameSeries-master/SurvivalGame/Content/Sound/Swish_PunchSwing01.uasset" 37
"../../../../../../Davinci/5tiCuatri/Programacion en motores 1/Proyecto2/EpicSurvivalGameSeries-master/EpicSurvivalGameSeries-master/SurvivalGame/Content/Sound/Attenuation/BodyMove_Att.uasset" 38
"../../../../../../Davinci/5tiCuatri/Programacion en motores 1/Proyecto2/EpicSurvivalGameSeries-master/EpicSurvivalGameSeries-master/SurvivalGame/Content/Sound/Swish_PunchSwing_Cue.uasset" 39
"../../../../../../Davinci/5tiCuatri/Programacion en motores 1/Proyecto2/EpicSurvivalGameSeries-master/EpicSurvivalGameSeries-master/SurvivalGame/Content/Effects/Textures/Weapon/T_bullet_hole_2.uasset" 40
"../../../../../../Davinci/5tiCuatri/Programacion en motores 1/Proyecto2/EpicSurvivalGameSeries-master/EpicSurvivalGameSeries-master/SurvivalGame/Content/Effects/Textures/Water/T_Distortion_01.uasset" 41
"../../../../../../Davinci/5tiCuatri/Programacion en motores 1/Proyecto2/EpicSurvivalGameSeries-master/EpicSurvivalGameSeries-master/SurvivalGame/Content/Effects/Materials/Weapon/M_Impact_Decal.uasset" 42
"../../../../../../Davinci/5tiCuatri/Programacion en motores 1/Proyecto2/EpicSurvivalGameSeries-master/EpicSurvivalGameSeries-master/SurvivalGame/Content/Effects/Textures/T_blood_various_N.uasset" 43
"../../../../../../Davinci/5tiCuatri/Programacion en motores 1/Proyecto2/EpicSurvivalGameSeries-master/EpicSurvivalGameSeries-master/SurvivalGame/Content/Effects/Textures/T_blood_various.uasset" 44
"../../../../../../Davinci/5tiCuatri/Programacion en motores 1/Proyecto2/EpicSurvivalGameSeries-master/EpicSurvivalGameSeries-master/SurvivalGame/Content/Effects/Materials/Gameplay/M_impact_splash_subUV.uasset" 45
"../../../../../../Davinci/5tiCuatri/Programacion en motores 1/Proyecto2/EpicSurvivalGameSeries-master/EpicSurvivalGameSeries-master/SurvivalGame/Content/Effects/P_ZombieBody_Bullet_Impact.uasset" 46
"../../../../../../Davinci/5tiCuatri/Programacion en motores 1/Proyecto2/EpicSurvivalGameSeries-master/EpicSurvivalGameSeries-master/SurvivalGame/Content/Effects/P_body_bullet_impact.uasset" 47
"../../../../../../Davinci/5tiCuatri/Programacion en motores 1/Proyecto2/EpicSurvivalGameSeries-master/EpicSurvivalGameSeries-master/SurvivalGame/Content/Effects/Textures/Spark/T_SparkCore_2X2.uasset" 48
"../../../../../../Davinci/5tiCuatri/Programacion en motores 1/Proyecto2/EpicSurvivalGameSeries-master/EpicSurvivalGameSeries-master/SurvivalGame/Content/Effects/materials/spark/M_spark_subUV.uasset" 49
"../../../../../../Davinci/5tiCuatri/Programacion en motores 1/Proyecto2/EpicSurvivalGameSeries-master/EpicSurvivalGameSeries-master/SurvivalGame/Content/Effects/Textures/Water/T_Steam_02_Packed.uasset" 50
"../../../../../../Davinci/5tiCuatri/Programacion en motores 1/Proyecto2/EpicSurvivalGameSeries-master/EpicSurvivalGameSeries-master/SurvivalGame/Content/Effects/Materials/Smoke/M_MuzzleSmokeDetail_GPU.uasset" 51
"../../../../../../Davinci/5tiCuatri/Programacion en motores 1/Proyecto2/EpicSurvivalGameSeries-master/EpicSurvivalGameSeries-master/SurvivalGame/Content/Effects/Textures/Smoke/T_SmokeBall_01_8_8.uasset" 52
"../../../../../../Davinci/5tiCuatri/Programacion en motores 1/Proyecto2/EpicSurvivalGameSeries-master/EpicSurvivalGameSeries-master/SurvivalGame/Content/Effects/Textures/Smoke/T_Clouds_01.uasset" 53
"../../../../../../Davinci/5tiCuatri/Programacion en motores 1/Proyecto2/EpicSurvivalGameSeries-master/EpicSurvivalGameSeries-master/SurvivalGame/Content/Effects/Materials/Smoke/M_ImpactSmoke.uasset" 54
"../../../../../../Davinci/5tiCuatri/Programacion en motores 1/Proyecto2/EpicSurvivalGameSeries-master/EpicSurvivalGameSeries-master/SurvivalGame/Content/Effects/Materials/Ramp/M_radial_ramp_soft.uasset" 55
"../../../../../../Davinci/5tiCuatri/Programacion en motores 1/Proyecto2/EpicSurvivalGameSeries-master/EpicSurvivalGameSeries-master/SurvivalGame/Content/Effects/Textures/LensFlare/Flare_02.uasset" 56
"../../../../../../Davinci/5tiCuatri/Programacion en motores 1/Proyecto2/EpicSurvivalGameSeries-master/EpicSurvivalGameSeries-master/SurvivalGame/Content/Effects/Materials/LensFlare/M_LensFlare_02.uasset" 57
"../../../../../../Davinci/5tiCuatri/Programacion en motores 1/Proyecto2/EpicSurvivalGameSeries-master/EpicSurvivalGameSeries-master/SurvivalGame/Content/Effects/P_AssaultRifle_IH.uasset" 58
"../../../../../../Davinci/5tiCuatri/Programacion en motores 1/Proyecto2/EpicSurvivalGameSeries-master/EpicSurvivalGameSeries-master/SurvivalGame/Content/Weapons/RifleImpactEffects.uasset" 59
"../../../../../../Davinci/5tiCuatri/Programacion en motores 1/Proyecto2/EpicSurvivalGameSeries-master/EpicSurvivalGameSeries-master/SurvivalGame/Content/Sound/Weapons/SMG_Thompson/WPN_Thompson_Trigger_03.uasset" 60
"../../../../../../Davinci/5tiCuatri/Programacion en motores 1/Proyecto2/EpicSurvivalGameSeries-master/EpicSurvivalGameSeries-master/SurvivalGame/Content/Sound/Weapons/SMG_Thompson/WPN_Thompson_Trigger_02.uasset" 61
"../../../../../../Davinci/5tiCuatri/Programacion en motores 1/Proyecto2/EpicSurvivalGameSeries-master/EpicSurvivalGameSeries-master/SurvivalGame/Content/Sound/Weapons/SMG_Thompson/WPN_Thompson_Trigger_01.uasset" 62
"../../../../../../Davinci/5tiCuatri/Programacion en motores 1/Proyecto2/EpicSurvivalGameSeries-master/EpicSurvivalGameSeries-master/SurvivalGame/Content/Sound/Weapons/SMG_Thompson/WPN_Thompson_Thud_06.uasset" 63
"../../../../../../Davinci/5tiCuatri/Programacion en motores 1/Proyecto2/EpicSurvivalGameSeries-master/EpicSurvivalGameSeries-master/SurvivalGame/Content/Sound/Weapons/SMG_Thompson/WPN_Thompson_Thud_05.uasset" 64
"../../../../../../Davinci/5tiCuatri/Programacion en motores 1/Proyecto2/EpicSurvivalGameSeries-master/EpicSurvivalGameSeries-master/SurvivalGame/Content/Sound/Weapons/SMG_Thompson/WPN_Thompson_Thud_04.uasset" 65
"../../../../../../Davinci/5tiCuatri/Programacion en motores 1/Proyecto2/EpicSurvivalGameSeries-master/EpicSurvivalGameSeries-master/SurvivalGame/Content/Sound/Weapons/SMG_Thompson/WPN_Thompson_Thud_03.uasset" 66
"../../../../../../Davinci/5tiCuatri/Programacion en motores 1/Proyecto2/EpicSurvivalGameSeries-master/EpicSurvivalGameSeries-master/SurvivalGame/Content/Sound/Weapons/SMG_Thompson/WPN_Thompson_Thud_02.uasset" 67
"../../../../../../Davinci/5tiCuatri/Programacion en motores 1/Proyecto2/EpicSurvivalGameSeries-master/EpicSurvivalGameSeries-master/SurvivalGame/Content/Sound/Weapons/SMG_Thompson/WPN_Thompson_Thud_01.uasset" 68
"../../../../../../Davinci/5tiCuatri/Programacion en motores 1/Proyecto2/EpicSurvivalGameSeries-master/EpicSurvivalGameSeries-master/SurvivalGame/Content/Sound/Weapons/SMG_Thompson/WPN_Thompson_Shot_06.uasset" 69
"../../../../../../Davinci/5tiCuatri/Programacion en motores 1/Proyecto2/EpicSurvivalGameSeries-master/EpicSurvivalGameSeries-master/SurvivalGame/Content/Sound/Weapons/SMG_Thompson/WPN_Thompson_Shot_05.uasset" 70
"../../../../../../Davinci/5tiCuatri/Programacion en motores 1/Proyecto2/EpicSurvivalGameSeries-master/EpicSurvivalGameSeries-master/SurvivalGame/Content/Sound/Weapons/SMG_Thompson/WPN_Thompson_Shot_04.uasset" 71
"../../../../../../Davinci/5tiCuatri/Programacion en motores 1/Proyecto2/EpicSurvivalGameSeries-master/EpicSurvivalGameSeries-master/SurvivalGame/Content/Sound/Weapons/SMG_Thompson/WPN_Thompson_Shot_03.uasset" 72
"../../../../../../Davinci/5tiCuatri/Programacion en motores 1/Proyecto2/EpicSurvivalGameSeries-master/EpicSurvivalGameSeries-master/SurvivalGame/Content/Sound/Weapons/SMG_Thompson/WPN_Thompson_Shot_02.uasset" 73
"../../../../../../Davinci/5tiCuatri/Programacion en motores 1/Proyecto2/EpicSurvivalGameSeries-master/EpicSurvivalGameSeries-master/SurvivalGame/Content/Sound/Weapons/SMG_Thompson/WPN_Thompson_Shot_01.uasset" 74
"../../../../../../Davinci/5tiCuatri/Programacion en motores 1/Proyecto2/EpicSurvivalGameSeries-master/EpicSurvivalGameSeries-master/SurvivalGame/Content/Sound/Weapons/SMG_Thompson/WPN_Thompson_Pin_03.uasset" 75
"../../../../../../Davinci/5tiCuatri/Programacion en motores 1/Proyecto2/EpicSurvivalGameSeries-master/EpicSurvivalGameSeries-master/SurvivalGame/Content/Sound/Weapons/SMG_Thompson/WPN_Thompson_Pin_02.uasset" 76
"../../../../../../Davinci/5tiCuatri/Programacion en motores 1/Proyecto2/EpicSurvivalGameSeries-master/EpicSurvivalGameSeries-master/SurvivalGame/Content/Sound/Weapons/SMG_Thompson/WPN_Thompson_Pin_01.uasset" 77
"../../../../../../Davinci/5tiCuatri/Programacion en motores 1/Proyecto2/EpicSurvivalGameSeries-master/EpicSurvivalGameSeries-master/SurvivalGame/Content/Sound/Weapons/SMG_Thompson/WPN_Thompson_Trigger_04.uasset" 78
"../../../../../../Davinci/5tiCuatri/Programacion en motores 1/Proyecto2/EpicSurvivalGameSeries-master/EpicSurvivalGameSeries-master/SurvivalGame/Content/Sound/Weapons/SMG_Thompson/WPN_Thompson_Bullet_Eject_04.uasset" 79
"../../../../../../Davinci/5tiCuatri/Programacion en motores 1/Proyecto2/EpicSurvivalGameSeries-master/EpicSurvivalGameSeries-master/SurvivalGame/Content/Sound/Weapons/SMG_Thompson/WPN_Thompson_Bullet_Eject_03.uasset" 80
"../../../../../../Davinci/5tiCuatri/Programacion en motores 1/Proyecto2/EpicSurvivalGameSeries-master/EpicSurvivalGameSeries-master/SurvivalGame/Content/Sound/Weapons/SMG_Thompson/WPN_Thompson_Bullet_Eject_02.uasset" 81
"../../../../../../Davinci/5tiCuatri/Programacion en motores 1/Proyecto2/EpicSurvivalGameSeries-master/EpicSurvivalGameSeries-master/SurvivalGame/Content/Sound/Weapons/SMG_Thompson/WPN_Thompson_Bullet_Eject_01.uasset" 82
"../../../../../../Davinci/5tiCuatri/Programacion en motores 1/Proyecto2/EpicSurvivalGameSeries-master/EpicSurvivalGameSeries-master/SurvivalGame/Content/Sound/Attenuation/Weapon_Att.uasset" 83
"../../../../../../Davinci/5tiCuatri/Programacion en motores 1/Proyecto2/EpicSurvivalGameSeries-master/EpicSurvivalGameSeries-master/SurvivalGame/Content/Sound/Weapons/SMG_Thompson/Cue_Thompson_Shot.uasset" 84
"../../../../../../Davinci/5tiCuatri/Programacion en motores 1/Proyecto2/EpicSurvivalGameSeries-master/EpicSurvivalGameSeries-master/SurvivalGame/Content/Sound/Weapons/Weapon_AssaultRifle_Reload.uasset" 85
"../../../../../../Davinci/5tiCuatri/Programacion en motores 1/Proyecto2/EpicSurvivalGameSeries-master/EpicSurvivalGameSeries-master/SurvivalGame/Content/Sound/Weapons/AssaultRifle_Reload_Cue.uasset" 86
"../../../../../../Davinci/5tiCuatri/Programacion en motores 1/Proyecto2/EpicSurvivalGameSeries-master/EpicSurvivalGameSeries-master/SurvivalGame/Content/Weapons/Materials/MagGun_01_N.uasset" 87
"../../../../../../Davinci/5tiCuatri/Programacion en motores 1/Proyecto2/EpicSurvivalGameSeries-master/EpicSurvivalGameSeries-master/SurvivalGame/Content/Weapons/Materials/M_Weapon01.uasset" 88
"../../../../../../Davinci/5tiCuatri/Programacion en motores 1/Proyecto2/EpicSurvivalGameSeries-master/EpicSurvivalGameSeries-master/SurvivalGame/Content/Weapons/Materials/MagGun_02_N.uasset" 89
"../../../../../../Davinci/5tiCuatri/Programacion en motores 1/Proyecto2/EpicSurvivalGameSeries-master/EpicSurvivalGameSeries-master/SurvivalGame/Content/Weapons/Materials/MI_Rifle02.uasset" 90
"../../../../../../Davinci/5tiCuatri/Programacion en motores 1/Proyecto2/EpicSurvivalGameSeries-master/EpicSurvivalGameSeries-master/SurvivalGame/Content/Weapons/Materials/MI_Rifle01.uasset" 91
"../../../../../../Davinci/5tiCuatri/Programacion en motores 1/Proyecto2/EpicSurvivalGameSeries-master/EpicSurvivalGameSeries-master/SurvivalGame/Content/Weapons/Crosshairs/T_Crosshair_Scanline_M.uasset" 92
"../../../../../../Davinci/5tiCuatri/Programacion en motores 1/Proyecto2/EpicSurvivalGameSeries-master/EpicSurvivalGameSeries-master/SurvivalGame/Content/Weapons/Crosshairs/T_Crosshair_Horizontal_M.uasset" 93
"../../../../../../Davinci/5tiCuatri/Programacion en motores 1/Proyecto2/EpicSurvivalGameSeries-master/EpicSurvivalGameSeries-master/SurvivalGame/Content/Weapons/Crosshairs/M_Crosshairs_MultiHolo_Scanline.uasset" 94
"../../../../../../Davinci/5tiCuatri/Programacion en motores 1/Proyecto2/EpicSurvivalGameSeries-master/EpicSurvivalGameSeries-master/SurvivalGame/Content/Items/Meshes/SM_Rifle.uasset" 95
"../../../../../../Davinci/5tiCuatri/Programacion en motores 1/Proyecto2/EpicSurvivalGameSeries-master/EpicSurvivalGameSeries-master/SurvivalGame/Content/Items/RiflePickup.uasset" 96
"../../../../../../Davinci/5tiCuatri/Programacion en motores 1/Proyecto2/EpicSurvivalGameSeries-master/EpicSurvivalGameSeries-master/SurvivalGame/Content/Effects/Meshes/Weapon/SM_MuzzleCone.uasset" 97
"../../../../../../Davinci/5tiCuatri/Programacion en motores 1/Proyecto2/EpicSurvivalGameSeries-master/EpicSurvivalGameSeries-master/SurvivalGame/Content/Effects/Textures/Noise/T_TileNoise.uasset" 98
"../../../../../../Davinci/5tiCuatri/Programacion en motores 1/Proyecto2/EpicSurvivalGameSeries-master/EpicSurvivalGameSeries-master/SurvivalGame/Content/Effects/Textures/Mask/T_SquareMaskTightEdge.uasset" 99
"../../../../../../Davinci/5tiCuatri/Programacion en motores 1/Proyecto2/EpicSurvivalGameSeries-master/EpicSurvivalGameSeries-master/SurvivalGame/Content/Effects/Materials/Weapon/M_MuzzleGlow.uasset" 100
"../../../../../../Davinci/5tiCuatri/Programacion en motores 1/Proyecto2/EpicSurvivalGameSeries-master/EpicSurvivalGameSeries-master/SurvivalGame/Content/Effects/Textures/Weapon/T_muzzle_flashes.uasset" 101
"../../../../../../Davinci/5tiCuatri/Programacion en motores 1/Proyecto2/EpicSurvivalGameSeries-master/EpicSurvivalGameSeries-master/SurvivalGame/Content/Effects/Materials/Weapon/M_muzzle_flash_subUV.uasset" 102
"../../../../../../Davinci/5tiCuatri/Programacion en motores 1/Proyecto2/EpicSurvivalGameSeries-master/EpicSurvivalGameSeries-master/SurvivalGame/Content/Effects/Materials/Smoke/M_SmokeBall.uasset" 103
"../../../Engine/Content/Functions/Engine_MaterialFunctions01/Gradient/RadialGradient.uasset" 104
"../../../../../../Davinci/5tiCuatri/Programacion en motores 1/Proyecto2/EpicSurvivalGameSeries-master/EpicSurvivalGameSeries-master/SurvivalGame/Content/Effects/Materials/Ramp/M_SoftGradient_Muzzle.uasset" 105
"../../../../../../Davinci/5tiCuatri/Programacion en motores 1/Proyecto2/EpicSurvivalGameSeries-master/EpicSurvivalGameSeries-master/SurvivalGame/Content/Effects/Textures/LensFlare/T_Lensflare_01.uasset" 106
"../../../../../../Davinci/5tiCuatri/Programacion en motores 1/Proyecto2/EpicSurvivalGameSeries-master/EpicSurvivalGameSeries-master/SurvivalGame/Content/Effects/Materials/LensFlare/M_Lensflare_01.uasset" 107
"../../../../../../Davinci/5tiCuatri/Programacion en motores 1/Proyecto2/EpicSurvivalGameSeries-master/EpicSurvivalGameSeries-master/SurvivalGame/Content/Effects/P_AssaultRifle_MF.uasset" 108
"../../../../../../Davinci/5tiCuatri/Programacion en motores 1/Proyecto2/EpicSurvivalGameSeries-master/EpicSurvivalGameSeries-master/SurvivalGame/Content/Base/DmgType_InstantWeapon.uasset" 109
"../../../../../../Davinci/5tiCuatri/Programacion en motores 1/Proyecto2/EpicSurvivalGameSeries-master/EpicSurvivalGameSeries-master/SurvivalGame/Content/Weapons/SK_Rifle_Skeleton.uasset" 110
"../../../../../../Davinci/5tiCuatri/Programacion en motores 1/Proyecto2/EpicSurvivalGameSeries-master/EpicSurvivalGameSeries-master/SurvivalGame/Content/Weapons/SK_Rifle.uasset" 111
"../../../../../../Davinci/5tiCuatri/Programacion en motores 1/Proyecto2/EpicSurvivalGameSeries-master/EpicSurvivalGameSeries-master/SurvivalGame/Content/AnimStarterPack/Animations/Reload_Rifle_Hip.uasset" 112
"../../../../../../Davinci/5tiCuatri/Programacion en motores 1/Proyecto2/EpicSurvivalGameSeries-master/EpicSurvivalGameSeries-master/SurvivalGame/Content/AnimStarterPack/Animations/Reload_Rifle_Hip_Montage.uasset" 113
"../../../../../../Davinci/5tiCuatri/Programacion en motores 1/Proyecto2/EpicSurvivalGameSeries-master/EpicSurvivalGameSeries-master/SurvivalGame/Content/Weapons/AssaultRifle.uasset" 114
"../../../../../../Davinci/5tiCuatri/Programacion en motores 1/Proyecto2/EpicSurvivalGameSeries-master/EpicSurvivalGameSeries-master/SurvivalGame/Content/UI/Menu/Widget_IngameMenu.uasset" 115
"../../../../../../Davinci/5tiCuatri/Programacion en motores 1/Proyecto2/EpicSurvivalGameSeries-master/EpicSurvivalGameSeries-master/SurvivalGame/Content/UI/HUD/Widget_SpectatorHUD.uasset" 116
"../../../../../../Davinci/5tiCuatri/Programacion en motores 1/Proyecto2/EpicSurvivalGameSeries-master/EpicSurvivalGameSeries-master/SurvivalGame/Content/UI/HUD/Widget_MessageStream.uasset" 117
"../../../../../../Davinci/5tiCuatri/Programacion en motores 1/Proyecto2/EpicSurvivalGameSeries-master/EpicSurvivalGameSeries-master/SurvivalGame/Content/UI/HUD/Widget_TimeOfDay.uasset" 118
"../../../../../../Davinci/5tiCuatri/Programacion en motores 1/Proyecto2/EpicSurvivalGameSeries-master/EpicSurvivalGameSeries-master/SurvivalGame/Content/UI/HUD/T_Noise.uasset" 119
"../../../../../../Davinci/5tiCuatri/Programacion en motores 1/Proyecto2/EpicSurvivalGameSeries-master/EpicSurvivalGameSeries-master/SurvivalGame/Content/UI/HUD/T_Hunger.uasset" 120
"../../../Engine/Content/Functions/Engine_MaterialFunctions02/Texturing/CustomRotator.uasset" 121
"../../../Engine/Content/Functions/Engine_MaterialFunctions01/Density/ExponentialDensity.uasset" 122
"../../../Engine/Content/Functions/Engine_MaterialFunctions01/Gradient/RadialGradientExponential.uasset" 123
"../../../../../../Davinci/5tiCuatri/Programacion en motores 1/Proyecto2/EpicSurvivalGameSeries-master/EpicSurvivalGameSeries-master/SurvivalGame/Content/UI/HUD/MF_ProceduralCircle.uasset" 124
"../../../Engine/Content/Functions/Engine_MaterialFunctions02/Utility/VectorToRadialValue.uasset" 125
"../../../../../../Davinci/5tiCuatri/Programacion en motores 1/Proyecto2/EpicSurvivalGameSeries-master/EpicSurvivalGameSeries-master/SurvivalGame/Content/UI/HUD/M_ProgressCircle.uasset" 126
"../../../../../../Davinci/5tiCuatri/Programacion en motores 1/Proyecto2/EpicSurvivalGameSeries-master/EpicSurvivalGameSeries-master/SurvivalGame/Content/UI/HUD/MI_ProgressCircle.uasset" 127
"../../../../../../Davinci/5tiCuatri/Programacion en motores 1/Proyecto2/EpicSurvivalGameSeries-master/EpicSurvivalGameSeries-master/SurvivalGame/Content/UI/HUD/Widget_PlayerResources.uasset" 128
"../../../../../../Davinci/5tiCuatri/Programacion en motores 1/Proyecto2/EpicSurvivalGameSeries-master/EpicSurvivalGameSeries-master/SurvivalGame/Content/UI/HUD/T_HealthBar_RoundedTile.uasset" 129
"../../../Engine/Content/Functions/Engine_MaterialFunctions02/Utility/BreakOutFloat2Components.uasset" 130
"../../../../../../Davinci/5tiCuatri/Programacion en motores 1/Proyecto2/EpicSurvivalGameSeries-master/EpicSurvivalGameSeries-master/SurvivalGame/Content/UI/HUD/M_HealthBar.uasset" 131
"../../../../../../Davinci/5tiCuatri/Programacion en motores 1/Proyecto2/EpicSurvivalGameSeries-master/EpicSurvivalGameSeries-master/SurvivalGame/Content/UI/HUD/Widget_PlayerHealth.uasset" 132
"../../../Engine/Content/EditorBlueprintResources/StandardMacros.uasset" 133
"../../../../../../Davinci/5tiCuatri/Programacion en motores 1/Proyecto2/EpicSurvivalGameSeries-master/EpicSurvivalGameSeries-master/SurvivalGame/Content/UI/HUD/Widget_NetInfo.uasset" 134
"../../../../../../Davinci/5tiCuatri/Programacion en motores 1/Proyecto2/EpicSurvivalGameSeries-master/EpicSurvivalGameSeries-master/SurvivalGame/Content/UI/HUD/PlayerList/WBP_PlayerList_Item.uasset" 135
"../../../../../../Davinci/5tiCuatri/Programacion en motores 1/Proyecto2/EpicSurvivalGameSeries-master/EpicSurvivalGameSeries-master/SurvivalGame/Content/UI/HUD/PlayerList/WBP_PlayerList.uasset" 136
"../../../../../../Davinci/5tiCuatri/Programacion en motores 1/Proyecto2/EpicSurvivalGameSeries-master/EpicSurvivalGameSeries-master/SurvivalGame/Content/UI/HUD/Chat/ChatItem_Default.uasset" 137
"../../../../../../Davinci/5tiCuatri/Programacion en motores 1/Proyecto2/EpicSurvivalGameSeries-master/EpicSurvivalGameSeries-master/SurvivalGame/Content/UI/HUD/Chat/WBP_Chat.uasset" 138
"../../../../../../Davinci/5tiCuatri/Programacion en motores 1/Proyecto2/EpicSurvivalGameSeries-master/EpicSurvivalGameSeries-master/SurvivalGame/Content/UI/HUD/Widget_AmmoCount.uasset" 139
"../../../../../../Davinci/5tiCuatri/Programacion en motores 1/Proyecto2/EpicSurvivalGameSeries-master/EpicSurvivalGameSeries-master/SurvivalGame/Content/UI/HUD/Widget_HUDLayout.uasset" 140
"../../../../../../Davinci/5tiCuatri/Programacion en motores 1/Proyecto2/EpicSurvivalGameSeries-master/EpicSurvivalGameSeries-master/SurvivalGame/Content/UI/HUD/Widget_EndGameScreen.uasset" 141
"../../../Engine/Content/EngineFonts/Faces/RobotoRegular.uasset" 142
"../../../Engine/Content/EngineFonts/Faces/RobotoLight.uasset" 143
"../../../Engine/Content/EngineFonts/Faces/RobotoItalic.uasset" 144
"../../../Engine/Content/EngineFonts/Faces/RobotoBoldItalic.uasset" 145
"../../../Engine/Content/EngineFonts/Faces/RobotoBold.uasset" 146
"../../../Engine/Content/EngineFonts/Faces/DroidSansFallback.uasset" 147
"../../../Engine/Content/EngineFonts/Roboto.uasset" 148
"../../../../../../Davinci/5tiCuatri/Programacion en motores 1/Proyecto2/EpicSurvivalGameSeries-master/EpicSurvivalGameSeries-master/SurvivalGame/Content/UI/ProjectOverviewWidget.uasset" 149
"../../../../../../Davinci/5tiCuatri/Programacion en motores 1/Proyecto2/EpicSurvivalGameSeries-master/EpicSurvivalGameSeries-master/SurvivalGame/Content/UI/SurvivalHUD.uasset" 150
"../../../../../../Davinci/5tiCuatri/Programacion en motores 1/Proyecto2/EpicSurvivalGameSeries-master/EpicSurvivalGameSeries-master/SurvivalGame/Content/Sound/Player/Player_GetHit_09.uasset" 151
"../../../../../../Davinci/5tiCuatri/Programacion en motores 1/Proyecto2/EpicSurvivalGameSeries-master/EpicSurvivalGameSeries-master/SurvivalGame/Content/Sound/Player/Player_GetHit_08.uasset" 152
"../../../../../../Davinci/5tiCuatri/Programacion en motores 1/Proyecto2/EpicSurvivalGameSeries-master/EpicSurvivalGameSeries-master/SurvivalGame/Content/Sound/Player/Player_GetHit_07.uasset" 153
"../../../../../../Davinci/5tiCuatri/Programacion en motores 1/Proyecto2/EpicSurvivalGameSeries-master/EpicSurvivalGameSeries-master/SurvivalGame/Content/Sound/Player/Player_GetHit_06.uasset" 154
"../../../../../../Davinci/5tiCuatri/Programacion en motores 1/Proyecto2/EpicSurvivalGameSeries-master/EpicSurvivalGameSeries-master/SurvivalGame/Content/Sound/Player/Player_GetHit_05.uasset" 155
"../../../../../../Davinci/5tiCuatri/Programacion en motores 1/Proyecto2/EpicSurvivalGameSeries-master/EpicSurvivalGameSeries-master/SurvivalGame/Content/Sound/Player/Player_GetHit_04.uasset" 156
"../../../../../../Davinci/5tiCuatri/Programacion en motores 1/Proyecto2/EpicSurvivalGameSeries-master/EpicSurvivalGameSeries-master/SurvivalGame/Content/Sound/Player/Player_GetHit_03.uasset" 157
"../../../../../../Davinci/5tiCuatri/Programacion en motores 1/Proyecto2/EpicSurvivalGameSeries-master/EpicSurvivalGameSeries-master/SurvivalGame/Content/Sound/Player/Player_GetHit_02.uasset" 158
"../../../../../../Davinci/5tiCuatri/Programacion en motores 1/Proyecto2/EpicSurvivalGameSeries-master/EpicSurvivalGameSeries-master/SurvivalGame/Content/Sound/Player/Player_GetHit_01.uasset" 159
"../../../../../../Davinci/5tiCuatri/Programacion en motores 1/Proyecto2/EpicSurvivalGameSeries-master/EpicSurvivalGameSeries-master/SurvivalGame/Content/Sound/Attenuation/PlayerVocal_Att.uasset" 160
"../../../../../../Davinci/5tiCuatri/Programacion en motores 1/Proyecto2/EpicSurvivalGameSeries-master/EpicSurvivalGameSeries-master/SurvivalGame/Content/Sound/Player/Player_GetHit_Cue.uasset" 161
"../../../../../../Davinci/5tiCuatri/Programacion en motores 1/Proyecto2/EpicSurvivalGameSeries-master/EpicSurvivalGameSeries-master/SurvivalGame/Content/Sound/Player/Player_Death_06.uasset" 162
"../../../../../../Davinci/5tiCuatri/Programacion en motores 1/Proyecto2/EpicSurvivalGameSeries-master/EpicSurvivalGameSeries-master/SurvivalGame/Content/Sound/Player/Player_Death_05.uasset" 163
"../../../../../../Davinci/5tiCuatri/Programacion en motores 1/Proyecto2/EpicSurvivalGameSeries-master/EpicSurvivalGameSeries-master/SurvivalGame/Content/Sound/Player/Player_Death_04.uasset" 164
"../../../../../../Davinci/5tiCuatri/Programacion en motores 1/Proyecto2/EpicSurvivalGameSeries-master/EpicSurvivalGameSeries-master/SurvivalGame/Content/Sound/Player/Player_Death_03.uasset" 165
"../../../../../../Davinci/5tiCuatri/Programacion en motores 1/Proyecto2/EpicSurvivalGameSeries-master/EpicSurvivalGameSeries-master/SurvivalGame/Content/Sound/Player/Player_Death_02.uasset" 166
"../../../../../../Davinci/5tiCuatri/Programacion en motores 1/Proyecto2/EpicSurvivalGameSeries-master/EpicSurvivalGameSeries-master/SurvivalGame/Content/Sound/Player/Player_Death_01.uasset" 167
"../../../../../../Davinci/5tiCuatri/Programacion en motores 1/Proyecto2/EpicSurvivalGameSeries-master/EpicSurvivalGameSeries-master/SurvivalGame/Content/Sound/Player/Player_Death_Cue.uasset" 168
"../../../../../../Davinci/5tiCuatri/Programacion en motores 1/Proyecto2/EpicSurvivalGameSeries-master/EpicSurvivalGameSeries-master/SurvivalGame/Content/Player/CamShake_TakeDamage.uasset" 169
"../../../../../../Davinci/5tiCuatri/Programacion en motores 1/Proyecto2/EpicSurvivalGameSeries-master/EpicSurvivalGameSeries-master/SurvivalGame/Content/AnimStarterPack/Animations/Stand_to_Crouch_Rifle_Hip.uasset" 170
"../../../../../../Davinci/5tiCuatri/Programacion en motores 1/Proyecto2/EpicSurvivalGameSeries-master/EpicSurvivalGameSeries-master/SurvivalGame/Content/Sound/Attenuation/Footstep_Att.uasset" 171
"../../../../../../Davinci/5tiCuatri/Programacion en motores 1/Proyecto2/EpicSurvivalGameSeries-master/EpicSurvivalGameSeries-master/SurvivalGame/Content/Sound/Footstep09.uasset" 172
"../../../../../../Davinci/5tiCuatri/Programacion en motores 1/Proyecto2/EpicSurvivalGameSeries-master/EpicSurvivalGameSeries-master/SurvivalGame/Content/Sound/Footstep08.uasset" 173
"../../../../../../Davinci/5tiCuatri/Programacion en motores 1/Proyecto2/EpicSurvivalGameSeries-master/EpicSurvivalGameSeries-master/SurvivalGame/Content/Sound/Footstep07.uasset" 174
"../../../../../../Davinci/5tiCuatri/Programacion en motores 1/Proyecto2/EpicSurvivalGameSeries-master/EpicSurvivalGameSeries-master/SurvivalGame/Content/Sound/Footstep06.uasset" 175
"../../../../../../Davinci/5tiCuatri/Programacion en motores 1/Proyecto2/EpicSurvivalGameSeries-master/EpicSurvivalGameSeries-master/SurvivalGame/Content/Sound/Footstep05.uasset" 176
"../../../../../../Davinci/5tiCuatri/Programacion en motores 1/Proyecto2/EpicSurvivalGameSeries-master/EpicSurvivalGameSeries-master/SurvivalGame/Content/Sound/Footstep04.uasset" 177
"../../../../../../Davinci/5tiCuatri/Programacion en motores 1/Proyecto2/EpicSurvivalGameSeries-master/EpicSurvivalGameSeries-master/SurvivalGame/Content/Sound/Footstep03.uasset" 178
"../../../../../../Davinci/5tiCuatri/Programacion en motores 1/Proyecto2/EpicSurvivalGameSeries-master/EpicSurvivalGameSeries-master/SurvivalGame/Content/Sound/Footstep02.uasset" 179
"../../../../../../Davinci/5tiCuatri/Programacion en motores 1/Proyecto2/EpicSurvivalGameSeries-master/EpicSurvivalGameSeries-master/SurvivalGame/Content/Sound/Footstep01.uasset" 180
"../../../../../../Davinci/5tiCuatri/Programacion en motores 1/Proyecto2/EpicSurvivalGameSeries-master/EpicSurvivalGameSeries-master/SurvivalGame/Content/Sound/Footstep_Dry_Cue.uasset" 181
"../../../../../../Davinci/5tiCuatri/Programacion en motores 1/Proyecto2/EpicSurvivalGameSeries-master/EpicSurvivalGameSeries-master/SurvivalGame/Content/AnimStarterPack/Animations/Jog_Lt_Rifle.uasset" 182
"../../../../../../Davinci/5tiCuatri/Programacion en motores 1/Proyecto2/EpicSurvivalGameSeries-master/EpicSurvivalGameSeries-master/SurvivalGame/Content/AnimStarterPack/Animations/Sprint_Fwd_Rifle.uasset" 183
"../../../../../../Davinci/5tiCuatri/Programacion en motores 1/Proyecto2/EpicSurvivalGameSeries-master/EpicSurvivalGameSeries-master/SurvivalGame/Content/AnimStarterPack/Animations/Jump_From_Stand.uasset" 184
"../../../../../../Davinci/5tiCuatri/Programacion en motores 1/Proyecto2/EpicSurvivalGameSeries-master/EpicSurvivalGameSeries-master/SurvivalGame/Content/AnimStarterPack/Animations/Jump_From_Jog.uasset" 185
"../../../../../../Davinci/5tiCuatri/Programacion en motores 1/Proyecto2/EpicSurvivalGameSeries-master/EpicSurvivalGameSeries-master/SurvivalGame/Content/AnimStarterPack/Animations/Idle_Rifle_Hip_Break2.uasset" 186
"../../../../../../Davinci/5tiCuatri/Programacion en motores 1/Proyecto2/EpicSurvivalGameSeries-master/EpicSurvivalGameSeries-master/SurvivalGame/Content/AnimStarterPack/Animations/Idle_Rifle_Hip_Break1.uasset" 187
"../../../../../../Davinci/5tiCuatri/Programacion en motores 1/Proyecto2/EpicSurvivalGameSeries-master/EpicSurvivalGameSeries-master/SurvivalGame/Content/AnimStarterPack/Animations/Idle_Rifle_Ironsights.uasset" 188
"../../../../../../Davinci/5tiCuatri/Programacion en motores 1/Proyecto2/EpicSurvivalGameSeries-master/EpicSurvivalGameSeries-master/SurvivalGame/Content/AnimStarterPack/Animations/Fire_Rifle_Ironsights.uasset" 189
"../../../../../../Davinci/5tiCuatri/Programacion en motores 1/Proyecto2/EpicSurvivalGameSeries-master/EpicSurvivalGameSeries-master/SurvivalGame/Content/AnimStarterPack/Animations/Idle_Rifle_Hip.uasset" 190
"../../../../../../Davinci/5tiCuatri/Programacion en motores 1/Proyecto2/EpicSurvivalGameSeries-master/EpicSurvivalGameSeries-master/SurvivalGame/Content/AnimStarterPack/Animations/Fire_Rifle_Hip.uasset" 191
"../../../../../../Davinci/5tiCuatri/Programacion en motores 1/Proyecto2/EpicSurvivalGameSeries-master/EpicSurvivalGameSeries-master/SurvivalGame/Content/AnimStarterPack/Animations/Crouch_to_Stand_Rifle_Hip.uasset" 192
"../../../../../../Davinci/5tiCuatri/Programacion en motores 1/Proyecto2/EpicSurvivalGameSeries-master/EpicSurvivalGameSeries-master/SurvivalGame/Content/AnimStarterPack/Animations/Walk_Rt_Rifle_Ironsights.uasset" 193
"../../../../../../Davinci/5tiCuatri/Programacion en motores 1/Proyecto2/EpicSurvivalGameSeries-master/EpicSurvivalGameSeries-master/SurvivalGame/Content/AnimStarterPack/Animations/Walk_Lt_Rifle_Ironsights.uasset" 194
"../../../../../../Davinci/5tiCuatri/Programacion en motores 1/Proyecto2/EpicSurvivalGameSeries-master/EpicSurvivalGameSeries-master/SurvivalGame/Content/AnimStarterPack/Animations/Walk_Fwd_Rifle_Ironsights.uasset" 195
"../../../../../../Davinci/5tiCuatri/Programacion en motores 1/Proyecto2/EpicSurvivalGameSeries-master/EpicSurvivalGameSeries-master/SurvivalGame/Content/AnimStarterPack/Animations/Walk_Bwd_Rifle_Ironsights.uasset" 196
"../../../../../../Davinci/5tiCuatri/Programacion en motores 1/Proyecto2/EpicSurvivalGameSeries-master/EpicSurvivalGameSeries-master/SurvivalGame/Content/AnimStarterPack/BS_Walk_Targeting.uasset" 197
"../../../../../../Davinci/5tiCuatri/Programacion en motores 1/Proyecto2/EpicSurvivalGameSeries-master/EpicSurvivalGameSeries-master/SurvivalGame/Content/AnimStarterPack/Animations/Jog_Rt_Rifle.uasset" 198
"../../../../../../Davinci/5tiCuatri/Programacion en motores 1/Proyecto2/EpicSurvivalGameSeries-master/EpicSurvivalGameSeries-master/SurvivalGame/Content/AnimStarterPack/Animations/Jog_Fwd_Rifle.uasset" 199
"../../../../../../Davinci/5tiCuatri/Programacion en motores 1/Proyecto2/EpicSurvivalGameSeries-master/EpicSurvivalGameSeries-master/SurvivalGame/Content/AnimStarterPack/Animations/Jog_Bwd_Rifle.uasset" 200
"../../../../../../Davinci/5tiCuatri/Programacion en motores 1/Proyecto2/EpicSurvivalGameSeries-master/EpicSurvivalGameSeries-master/SurvivalGame/Content/AnimStarterPack/BS_Jog.uasset" 201
"../../../../../../Davinci/5tiCuatri/Programacion en motores 1/Proyecto2/EpicSurvivalGameSeries-master/EpicSurvivalGameSeries-master/SurvivalGame/Content/AnimStarterPack/Animations/Crouch_Walk_Rt_Rifle_Ironsights.uasset" 202
"../../../../../../Davinci/5tiCuatri/Programacion en motores 1/Proyecto2/EpicSurvivalGameSeries-master/EpicSurvivalGameSeries-master/SurvivalGame/Content/AnimStarterPack/Animations/Crouch_Walk_Lt_Rifle_Ironsights.uasset" 203
"../../../../../../Davinci/5tiCuatri/Programacion en motores 1/Proyecto2/EpicSurvivalGameSeries-master/EpicSurvivalGameSeries-master/SurvivalGame/Content/AnimStarterPack/Animations/Crouch_Walk_Fwd_Rifle_Ironsights.uasset" 204
"../../../../../../Davinci/5tiCuatri/Programacion en motores 1/Proyecto2/EpicSurvivalGameSeries-master/EpicSurvivalGameSeries-master/SurvivalGame/Content/AnimStarterPack/Animations/Crouch_Walk_Bwd_Rifle_Ironsights.uasset" 205
"../../../../../../Davinci/5tiCuatri/Programacion en motores 1/Proyecto2/EpicSurvivalGameSeries-master/EpicSurvivalGameSeries-master/SurvivalGame/Content/AnimStarterPack/Animations/Crouch_Idle_Rifle_Ironsights.uasset" 206
"../../../../../../Davinci/5tiCuatri/Programacion en motores 1/Proyecto2/EpicSurvivalGameSeries-master/EpicSurvivalGameSeries-master/SurvivalGame/Content/AnimStarterPack/BS_Crouch_Targeting.uasset" 207
"../../../../../../Davinci/5tiCuatri/Programacion en motores 1/Proyecto2/EpicSurvivalGameSeries-master/EpicSurvivalGameSeries-master/SurvivalGame/Content/AnimStarterPack/Animations/Crouch_Walk_Rt_Rifle_Hip.uasset" 208
"../../../../../../Davinci/5tiCuatri/Programacion en motores 1/Proyecto2/EpicSurvivalGameSeries-master/EpicSurvivalGameSeries-master/SurvivalGame/Content/AnimStarterPack/Animations/Crouch_Walk_Lt_Rifle_Hip.uasset" 209
"../../../../../../Davinci/5tiCuatri/Programacion en motores 1/Proyecto2/EpicSurvivalGameSeries-master/EpicSurvivalGameSeries-master/SurvivalGame/Content/AnimStarterPack/Animations/Crouch_Walk_Fwd_Rifle_Hip.uasset" 210
"../../../../../../Davinci/5tiCuatri/Programacion en motores 1/Proyecto2/EpicSurvivalGameSeries-master/EpicSurvivalGameSeries-master/SurvivalGame/Content/AnimStarterPack/Animations/Crouch_Walk_Bwd_Rifle_Hip.uasset" 211
"../../../../../../Davinci/5tiCuatri/Programacion en motores 1/Proyecto2/EpicSurvivalGameSeries-master/EpicSurvivalGameSeries-master/SurvivalGame/Content/AnimStarterPack/Animations/Crouch_Idle_Rifle_Hip.uasset" 212
"../../../../../../Davinci/5tiCuatri/Programacion en motores 1/Proyecto2/EpicSurvivalGameSeries-master/EpicSurvivalGameSeries-master/SurvivalGame/Content/AnimStarterPack/BS_CrouchWalk.uasset" 213
"../../../../../../Davinci/5tiCuatri/Programacion en motores 1/Proyecto2/EpicSurvivalGameSeries-master/EpicSurvivalGameSeries-master/SurvivalGame/Content/AnimStarterPack/UE4_Mannequin/Mesh/AimOffset_Ironsight_Down.uasset" 214
"../../../../../../Davinci/5tiCuatri/Programacion en motores 1/Proyecto2/EpicSurvivalGameSeries-master/EpicSurvivalGameSeries-master/SurvivalGame/Content/AnimStarterPack/AimOffsets/AimOffset_Ironsight_Up.uasset" 215
"../../../../../../Davinci/5tiCuatri/Programacion en motores 1/Proyecto2/EpicSurvivalGameSeries-master/EpicSurvivalGameSeries-master/SurvivalGame/Content/AnimStarterPack/AimOffsets/AimOffset_Ironsight_Center.uasset" 216
"../../../../../../Davinci/5tiCuatri/Programacion en motores 1/Proyecto2/EpicSurvivalGameSeries-master/EpicSurvivalGameSeries-master/SurvivalGame/Content/AnimStarterPack/AimOffset_Ironsight.uasset" 217
"../../../../../../Davinci/5tiCuatri/Programacion en motores 1/Proyecto2/EpicSurvivalGameSeries-master/EpicSurvivalGameSeries-master/SurvivalGame/Content/AnimStarterPack/AimOffsets/AimOffset_Hip_Up.uasset" 218
"../../../../../../Davinci/5tiCuatri/Programacion en motores 1/Proyecto2/EpicSurvivalGameSeries-master/EpicSurvivalGameSeries-master/SurvivalGame/Content/AnimStarterPack/AimOffsets/AimOffset_Hip_Down.uasset" 219
"../../../../../../Davinci/5tiCuatri/Programacion en motores 1/Proyecto2/EpicSurvivalGameSeries-master/EpicSurvivalGameSeries-master/SurvivalGame/Content/AnimStarterPack/AimOffsets/AimOffset_Hip_Center.uasset" 220
"../../../../../../Davinci/5tiCuatri/Programacion en motores 1/Proyecto2/EpicSurvivalGameSeries-master/EpicSurvivalGameSeries-master/SurvivalGame/Content/AnimStarterPack/AimOffset_Hip.uasset" 221
"../../../../../../Davinci/5tiCuatri/Programacion en motores 1/Proyecto2/EpicSurvivalGameSeries-master/EpicSurvivalGameSeries-master/SurvivalGame/Content/AnimStarterPack/Player_AnimBP.uasset" 222
"../../../../../../Davinci/5tiCuatri/Programacion en motores 1/Proyecto2/EpicSurvivalGameSeries-master/EpicSurvivalGameSeries-master/SurvivalGame/Content/Base/DmgType_Hunger.uasset" 223
"../../../../../../Davinci/5tiCuatri/Programacion en motores 1/Proyecto2/EpicSurvivalGameSeries-master/EpicSurvivalGameSeries-master/SurvivalGame/Content/Base/PhysMat_PlayerBody.uasset" 224
"../../../../../../Davinci/5tiCuatri/Programacion en motores 1/Proyecto2/EpicSurvivalGameSeries-master/EpicSurvivalGameSeries-master/SurvivalGame/Content/AnimStarterPack/UE4_Mannequin/Mesh/SK_Mannequin_PhysicsAsset.uasset" 225
"../../../../../../Davinci/5tiCuatri/Programacion en motores 1/Proyecto2/EpicSurvivalGameSeries-master/EpicSurvivalGameSeries-master/SurvivalGame/Content/AnimStarterPack/UE4_Mannequin/Textures/UE4Man_Logo_N.uasset" 226
"../../../Engine/Content/Functions/MaterialLayerFunctions/MatLayerBlend_Simple.uasset" 227
"../../../Engine/Content/Functions/Engine_MaterialFunctions02/Utility/BlendAngleCorrectedNormals.uasset" 228
"../../../Engine/Content/Functions/MaterialLayerFunctions/MatLayerBlend_NormalBlend.uasset" 229
"../../../../../../Davinci/5tiCuatri/Programacion en motores 1/Proyecto2/EpicSurvivalGameSeries-master/EpicSurvivalGameSeries-master/SurvivalGame/Content/AnimStarterPack/UE4_Mannequin/Textures/UE4_Mannequin_occlusion_Mobile.uasset" 230
"../../../../../../Davinci/5tiCuatri/Programacion en motores 1/Proyecto2/EpicSurvivalGameSeries-master/EpicSurvivalGameSeries-master/SurvivalGame/Content/AnimStarterPack/UE4_Mannequin/Textures/UE4_Mannequin_MAT_MASKA.uasset" 231
"../../../../../../Davinci/5tiCuatri/Programacion en motores 1/Proyecto2/EpicSurvivalGameSeries-master/EpicSurvivalGameSeries-master/SurvivalGame/Content/AnimStarterPack/UE4_Mannequin/Textures/UE4_Mannequin__normals.uasset" 232
"../../../../../../Davinci/5tiCuatri/Programacion en motores 1/Proyecto2/EpicSurvivalGameSeries-master/EpicSurvivalGameSeries-master/SurvivalGame/Content/AnimStarterPack/UE4_Mannequin/Materials/MaterialLayers/T_ML_Aluminum01_N.uasset" 233
"../../../../../../Davinci/5tiCuatri/Programacion en motores 1/Proyecto2/EpicSurvivalGameSeries-master/EpicSurvivalGameSeries-master/SurvivalGame/Content/AnimStarterPack/UE4_Mannequin/Materials/MaterialLayers/T_ML_Aluminum01.uasset" 234
"../../../../../../Davinci/5tiCuatri/Programacion en motores 1/Proyecto2/EpicSurvivalGameSeries-master/EpicSurvivalGameSeries-master/SurvivalGame/Content/AnimStarterPack/UE4_Mannequin/Materials/MaterialLayers/ML_SoftMetal_UE4.uasset" 235
"../../../../../../Davinci/5tiCuatri/Programacion en motores 1/Proyecto2/EpicSurvivalGameSeries-master/EpicSurvivalGameSeries-master/SurvivalGame/Content/AnimStarterPack/UE4_Mannequin/Textures/UE4_LOGO_CARD.uasset" 236
"../../../../../../Davinci/5tiCuatri/Programacion en motores 1/Proyecto2/EpicSurvivalGameSeries-master/EpicSurvivalGameSeries-master/SurvivalGame/Content/AnimStarterPack/UE4_Mannequin/Materials/MaterialLayers/ML_Plastic_Shiny_Beige_LOGO.uasset" 237
"../../../../../../Davinci/5tiCuatri/Programacion en motores 1/Proyecto2/EpicSurvivalGameSeries-master/EpicSurvivalGameSeries-master/SurvivalGame/Content/AnimStarterPack/UE4_Mannequin/Materials/MaterialLayers/ML_Plastic_Shiny_Beige.uasset" 238
"../../../../../../Davinci/5tiCuatri/Programacion en motores 1/Proyecto2/EpicSurvivalGameSeries-master/EpicSurvivalGameSeries-master/SurvivalGame/Content/AnimStarterPack/UE4_Mannequin/Materials/MaterialLayers/T_ML_Rubber_Blue_01_N.uasset" 239
"../../../../../../Davinci/5tiCuatri/Programacion en motores 1/Proyecto2/EpicSurvivalGameSeries-master/EpicSurvivalGameSeries-master/SurvivalGame/Content/AnimStarterPack/UE4_Mannequin/Materials/MaterialLayers/T_ML_Rubber_Blue_01_D.uasset" 240
"../../../../../../Davinci/5tiCuatri/Programacion en motores 1/Proyecto2/EpicSurvivalGameSeries-master/EpicSurvivalGameSeries-master/SurvivalGame/Content/AnimStarterPack/UE4_Mannequin/Materials/MaterialLayers/ML_GlossyBlack_Latex_UE4.uasset" 241
"../../../Engine/Content/Functions/MaterialLayerFunctions/MatLayerBlend_AO.uasset" 242
"../../../../../../Davinci/5tiCuatri/Programacion en motores 1/Proyecto2/EpicSurvivalGameSeries-master/EpicSurvivalGameSeries-master/SurvivalGame/Content/AnimStarterPack/UE4_Mannequin/Materials/M_UE4Man_Body.uasset" 243
"../../../../../../Davinci/5tiCuatri/Programacion en motores 1/Proyecto2/EpicSurvivalGameSeries-master/EpicSurvivalGameSeries-master/SurvivalGame/Content/AnimStarterPack/UE4_Mannequin/Materials/M_UE4Man_ChestLogo.uasset" 244
"../../../../../../Davinci/5tiCuatri/Programacion en motores 1/Proyecto2/EpicSurvivalGameSeries-master/EpicSurvivalGameSeries-master/SurvivalGame/Content/AnimStarterPack/UE4_Mannequin/Mesh/SK_Mannequin.uasset" 245
"../../../../../../Davinci/5tiCuatri/Programacion en motores 1/Proyecto2/EpicSurvivalGameSeries-master/EpicSurvivalGameSeries-master/SurvivalGame/Content/Player/PlayerPawn.uasset" 246
"../../../Engine/Content/EngineSky/T_Sky_Stars.uasset" 247
"../../../Engine/Content/EngineSky/T_Sky_Clouds_M.uasset" 248
"../../../Engine/Content/EngineSky/T_Sky_Blue.uasset" 249
"../../../Engine/Content/EngineSky/M_Sky_Panning_Clouds2.uasset" 250
"../../../Engine/Content/EngineSky/SM_SkySphere.uasset" 251
"../../../Engine/Content/EngineSky/C_Sky_Zenith_Color.uasset" 252
"../../../Engine/Content/EngineSky/C_Sky_Horizon_Color.uasset" 253
"../../../Engine/Content/EngineSky/C_Sky_Cloud_Color.uasset" 254
"../../../Engine/Content/EngineSky/BP_Sky_Sphere.uasset" 255
"../../../../../../Davinci/5tiCuatri/Programacion en motores 1/Proyecto2/EpicSurvivalGameSeries-master/EpicSurvivalGameSeries-master/SurvivalGame/Content/AI/Zombie/UE4_Mannequin_Skeleton.uasset" 256
"../../../../../../Davinci/5tiCuatri/Programacion en motores 1/Proyecto2/EpicSurvivalGameSeries-master/EpicSurvivalGameSeries-master/SurvivalGame/Content/Base/PhysMat_ZombieBody.uasset" 257
"../../../../../../Davinci/5tiCuatri/Programacion en motores 1/Proyecto2/EpicSurvivalGameSeries-master/EpicSurvivalGameSeries-master/SurvivalGame/Content/Base/PhysMat_ZombieHead.uasset" 258
"../../../../../../Davinci/5tiCuatri/Programacion en motores 1/Proyecto2/EpicSurvivalGameSeries-master/EpicSurvivalGameSeries-master/SurvivalGame/Content/Base/PhysMat_ZombieLimb.uasset" 259
"../../../../../../Davinci/5tiCuatri/Programacion en motores 1/Proyecto2/EpicSurvivalGameSeries-master/EpicSurvivalGameSeries-master/SurvivalGame/Content/AI/Zombie/SK_Mannequin_PhysicsAsset.uasset" 260
"../../../../../../Davinci/5tiCuatri/Programacion en motores 1/Proyecto2/EpicSurvivalGameSeries-master/EpicSurvivalGameSeries-master/SurvivalGame/Content/Environment/Textures/T_Metal_Rust_D.uasset" 261
"../../../../../../Davinci/5tiCuatri/Programacion en motores 1/Proyecto2/EpicSurvivalGameSeries-master/EpicSurvivalGameSeries-master/SurvivalGame/Content/AI/Zombie/Textures/UE4_Mannequin_MAT_MASKA.uasset" 262
"../../../../../../Davinci/5tiCuatri/Programacion en motores 1/Proyecto2/EpicSurvivalGameSeries-master/EpicSurvivalGameSeries-master/SurvivalGame/Content/AI/Zombie/Textures/UE4_Mannequin__normals.uasset" 263
"../../../../../../Davinci/5tiCuatri/Programacion en motores 1/Proyecto2/EpicSurvivalGameSeries-master/EpicSurvivalGameSeries-master/SurvivalGame/Content/AI/Zombie/Materials/MaterialLayers/T_ML_Rubber_Blue_01_N.uasset" 264
"../../../../../../Davinci/5tiCuatri/Programacion en motores 1/Proyecto2/EpicSurvivalGameSeries-master/EpicSurvivalGameSeries-master/SurvivalGame/Content/AI/Zombie/Materials/MaterialLayers/T_ML_Rubber_Blue_01_D.uasset" 265
"../../../../../../Davinci/5tiCuatri/Programacion en motores 1/Proyecto2/EpicSurvivalGameSeries-master/EpicSurvivalGameSeries-master/SurvivalGame/Content/AI/Zombie/Materials/MaterialLayers/T_ML_Aluminum01_N.uasset" 266
"../../../../../../Davinci/5tiCuatri/Programacion en motores 1/Proyecto2/EpicSurvivalGameSeries-master/EpicSurvivalGameSeries-master/SurvivalGame/Content/AI/Zombie/Materials/MaterialLayers/T_ML_Aluminum01.uasset" 267
"../../../Engine/Content/EngineMaterials/BlendFunc_DefBlend.uasset" 268
"../../../Engine/Content/EngineMaterials/BlendFunc_DefBase.uasset" 269
"../../../Engine/Content/Functions/Engine_MaterialFunctions03/Blends/Blend_Overlay.uasset" 270
"../../../Engine/Content/Functions/Engine_MaterialFunctions01/ImageAdjustment/3ColorBlend.uasset" 271
"../../../../../../Davinci/5tiCuatri/Programacion en motores 1/Proyecto2/EpicSurvivalGameSeries-master/EpicSurvivalGameSeries-master/SurvivalGame/Content/Environment/Textures/T_MacroVariation.uasset" 272
"../../../../../../Davinci/5tiCuatri/Programacion en motores 1/Proyecto2/EpicSurvivalGameSeries-master/EpicSurvivalGameSeries-master/SurvivalGame/Content/AI/Zombie/Materials/MaterialLayers/ML_ZombieRust.uasset" 273
"../../../../../../Davinci/5tiCuatri/Programacion en motores 1/Proyecto2/EpicSurvivalGameSeries-master/EpicSurvivalGameSeries-master/SurvivalGame/Content/AI/Zombie/Materials/MaterialLayers/ML_SoftMetal_UE4.uasset" 274
"../../../../../../Davinci/5tiCuatri/Programacion en motores 1/Proyecto2/EpicSurvivalGameSeries-master/EpicSurvivalGameSeries-master/SurvivalGame/Content/AI/Zombie/Materials/MaterialLayers/ML_Plastic_Shiny_Beige.uasset" 275
"../../../../../../Davinci/5tiCuatri/Programacion en motores 1/Proyecto2/EpicSurvivalGameSeries-master/EpicSurvivalGameSeries-master/SurvivalGame/Content/AI/Zombie/Materials/MaterialLayers/ML_GlossyBlack_Latex_UE4.uasset" 276
"../../../../../../Davinci/5tiCuatri/Programacion en motores 1/Proyecto2/EpicSurvivalGameSeries-master/EpicSurvivalGameSeries-master/SurvivalGame/Content/AI/Zombie/Materials/M_Zombie_Body.uasset" 277
"../../../../../../Davinci/5tiCuatri/Programacion en motores 1/Proyecto2/EpicSurvivalGameSeries-master/EpicSurvivalGameSeries-master/SurvivalGame/Content/AI/Zombie/Materials/MI_Zombie_Body.uasset" 278
"../../../../../../Davinci/5tiCuatri/Programacion en motores 1/Proyecto2/EpicSurvivalGameSeries-master/EpicSurvivalGameSeries-master/SurvivalGame/Content/AI/Zombie/Textures/UE4Man_Logo_N.uasset" 279
"../../../../../../Davinci/5tiCuatri/Programacion en motores 1/Proyecto2/EpicSurvivalGameSeries-master/EpicSurvivalGameSeries-master/SurvivalGame/Content/AI/Zombie/Materials/MI_Zombie_ChestLogo.uasset" 280
"../../../../../../Davinci/5tiCuatri/Programacion en motores 1/Proyecto2/EpicSurvivalGameSeries-master/EpicSurvivalGameSeries-master/SurvivalGame/Content/AI/Zombie/SK_Mannequin.uasset" 281
"../../../../../../Davinci/5tiCuatri/Programacion en motores 1/Proyecto2/EpicSurvivalGameSeries-master/EpicSurvivalGameSeries-master/SurvivalGame/Content/Base/DmgType_ZombieMelee.uasset" 282
"../../../../../../Davinci/5tiCuatri/Programacion en motores 1/Proyecto2/EpicSurvivalGameSeries-master/EpicSurvivalGameSeries-master/SurvivalGame/Content/AI/Task_AttackMelee.uasset" 283
"../../../../../../Davinci/5tiCuatri/Programacion en motores 1/Proyecto2/EpicSurvivalGameSeries-master/EpicSurvivalGameSeries-master/SurvivalGame/Content/AI/NewZombieBlackboard.uasset" 284
"../../../../../../Davinci/5tiCuatri/Programacion en motores 1/Proyecto2/EpicSurvivalGameSeries-master/EpicSurvivalGameSeries-master/SurvivalGame/Content/AI/NewZombieBT.uasset" 285
"../../../../../../Davinci/5tiCuatri/Programacion en motores 1/Proyecto2/EpicSurvivalGameSeries-master/EpicSurvivalGameSeries-master/SurvivalGame/Content/AI/ZombieBT.uasset" 286
"../../../../../../Davinci/5tiCuatri/Programacion en motores 1/Proyecto2/EpicSurvivalGameSeries-master/EpicSurvivalGameSeries-master/SurvivalGame/Content/AI/ZombieBlackboard.uasset" 287
"../../../../../../Davinci/5tiCuatri/Programacion en motores 1/Proyecto2/EpicSurvivalGameSeries-master/EpicSurvivalGameSeries-master/SurvivalGame/Content/AI/ZombieController.uasset" 288
"../../../../../../Davinci/5tiCuatri/Programacion en motores 1/Proyecto2/EpicSurvivalGameSeries-master/EpicSurvivalGameSeries-master/SurvivalGame/Content/AI/Zombie/Animations/Zombie_MeleeStrike.uasset" 289
"../../../../../../Davinci/5tiCuatri/Programacion en motores 1/Proyecto2/EpicSurvivalGameSeries-master/EpicSurvivalGameSeries-master/SurvivalGame/Content/AI/Zombie/Animations/Zombie_MeleeStrike_Montage.uasset" 290
"../../../../../../Davinci/5tiCuatri/Programacion en motores 1/Proyecto2/EpicSurvivalGameSeries-master/EpicSurvivalGameSeries-master/SurvivalGame/Content/AI/Zombie/Animations/ThirdPersonJump_End.uasset" 291
"../../../../../../Davinci/5tiCuatri/Programacion en motores 1/Proyecto2/EpicSurvivalGameSeries-master/EpicSurvivalGameSeries-master/SurvivalGame/Content/AI/Zombie/Animations/ThirdPersonJump_Loop.uasset" 292
"../../../../../../Davinci/5tiCuatri/Programacion en motores 1/Proyecto2/EpicSurvivalGameSeries-master/EpicSurvivalGameSeries-master/SurvivalGame/Content/AI/Zombie/Animations/ThirdPersonJump_Start.uasset" 293
"../../../../../../Davinci/5tiCuatri/Programacion en motores 1/Proyecto2/EpicSurvivalGameSeries-master/EpicSurvivalGameSeries-master/SurvivalGame/Content/AI/Zombie/Animations/ThirdPersonIdle.uasset" 294
"../../../../../../Davinci/5tiCuatri/Programacion en motores 1/Proyecto2/EpicSurvivalGameSeries-master/EpicSurvivalGameSeries-master/SurvivalGame/Content/AI/Zombie/Animations/ThirdPersonWalk.uasset" 295
"../../../../../../Davinci/5tiCuatri/Programacion en motores 1/Proyecto2/EpicSurvivalGameSeries-master/EpicSurvivalGameSeries-master/SurvivalGame/Content/AI/Zombie/Animations/ThirdPersonIdleRun.uasset" 296
"../../../../../../Davinci/5tiCuatri/Programacion en motores 1/Proyecto2/EpicSurvivalGameSeries-master/EpicSurvivalGameSeries-master/SurvivalGame/Content/AI/Zombie/ThirdPersonAnimBlueprint.uasset" 297
"../../../../../../Davinci/5tiCuatri/Programacion en motores 1/Proyecto2/EpicSurvivalGameSeries-master/EpicSurvivalGameSeries-master/SurvivalGame/Content/Sound/Zombie/Zombie_Vox_Attack_03.uasset" 298
"../../../../../../Davinci/5tiCuatri/Programacion en motores 1/Proyecto2/EpicSurvivalGameSeries-master/EpicSurvivalGameSeries-master/SurvivalGame/Content/Sound/Zombie/Zombie_Vox_Attack_02.uasset" 299
"../../../../../../Davinci/5tiCuatri/Programacion en motores 1/Proyecto2/EpicSurvivalGameSeries-master/EpicSurvivalGameSeries-master/SurvivalGame/Content/Sound/Zombie/Zombie_Vox_Attack_01.uasset" 300
"../../../../../../Davinci/5tiCuatri/Programacion en motores 1/Proyecto2/EpicSurvivalGameSeries-master/EpicSurvivalGameSeries-master/SurvivalGame/Content/Sound/Attenuation/Zombie_Att.uasset" 301
"../../../../../../Davinci/5tiCuatri/Programacion en motores 1/Proyecto2/EpicSurvivalGameSeries-master/EpicSurvivalGameSeries-master/SurvivalGame/Content/Sound/Zombie/Zombie_Vox_Attack_Cue.uasset" 302
"../../../../../../Davinci/5tiCuatri/Programacion en motores 1/Proyecto2/EpicSurvivalGameSeries-master/EpicSurvivalGameSeries-master/SurvivalGame/Content/Sound/Zombie/Zombie_Vox_Death_03.uasset" 303
"../../../../../../Davinci/5tiCuatri/Programacion en motores 1/Proyecto2/EpicSurvivalGameSeries-master/EpicSurvivalGameSeries-master/SurvivalGame/Content/Sound/Zombie/Zombie_Vox_Death_02.uasset" 304
"../../../../../../Davinci/5tiCuatri/Programacion en motores 1/Proyecto2/EpicSurvivalGameSeries-master/EpicSurvivalGameSeries-master/SurvivalGame/Content/Sound/Zombie/Zombie_Vox_Death_01.uasset" 305
"../../../../../../Davinci/5tiCuatri/Programacion en motores 1/Proyecto2/EpicSurvivalGameSeries-master/EpicSurvivalGameSeries-master/SurvivalGame/Content/Sound/Zombie/Zombie_Vox_Death_Cue.uasset" 306
"../../../../../../Davinci/5tiCuatri/Programacion en motores 1/Proyecto2/EpicSurvivalGameSeries-master/EpicSurvivalGameSeries-master/SurvivalGame/Content/Sound/Zombie/Zombie_Vox_Detect_04.uasset" 307
"../../../../../../Davinci/5tiCuatri/Programacion en motores 1/Proyecto2/EpicSurvivalGameSeries-master/EpicSurvivalGameSeries-master/SurvivalGame/Content/Sound/Zombie/Zombie_Vox_Detect_03.uasset" 308
"../../../../../../Davinci/5tiCuatri/Programacion en motores 1/Proyecto2/EpicSurvivalGameSeries-master/EpicSurvivalGameSeries-master/SurvivalGame/Content/Sound/Zombie/Zombie_Vox_Detect_02.uasset" 309
"../../../../../../Davinci/5tiCuatri/Programacion en motores 1/Proyecto2/EpicSurvivalGameSeries-master/EpicSurvivalGameSeries-master/SurvivalGame/Content/Sound/Zombie/Zombie_Vox_Detect_Cue.uasset" 310
"../../../../../../Davinci/5tiCuatri/Programacion en motores 1/Proyecto2/EpicSurvivalGameSeries-master/EpicSurvivalGameSeries-master/SurvivalGame/Content/Sound/Zombie/Zombie_Vox_Hunting_04.uasset" 311
"../../../../../../Davinci/5tiCuatri/Programacion en motores 1/Proyecto2/EpicSurvivalGameSeries-master/EpicSurvivalGameSeries-master/SurvivalGame/Content/Sound/Zombie/Zombie_Vox_Hunting_03.uasset" 312
"../../../../../../Davinci/5tiCuatri/Programacion en motores 1/Proyecto2/EpicSurvivalGameSeries-master/EpicSurvivalGameSeries-master/SurvivalGame/Content/Sound/Zombie/Zombie_Vox_Hunting_02.uasset" 313
"../../../../../../Davinci/5tiCuatri/Programacion en motores 1/Proyecto2/EpicSurvivalGameSeries-master/EpicSurvivalGameSeries-master/SurvivalGame/Content/Sound/Zombie/Zombie_Vox_Hunting_01.uasset" 314
"../../../../../../Davinci/5tiCuatri/Programacion en motores 1/Proyecto2/EpicSurvivalGameSeries-master/EpicSurvivalGameSeries-master/SurvivalGame/Content/Sound/Zombie/Zombie_Vox_Hunting_Cue.uasset" 315
"../../../../../../Davinci/5tiCuatri/Programacion en motores 1/Proyecto2/EpicSurvivalGameSeries-master/EpicSurvivalGameSeries-master/SurvivalGame/Content/Sound/Zombie/Zombie_Vox_Hurt_03.uasset" 316
"../../../../../../Davinci/5tiCuatri/Programacion en motores 1/Proyecto2/EpicSurvivalGameSeries-master/EpicSurvivalGameSeries-master/SurvivalGame/Content/Sound/Zombie/Zombie_Vox_Hurt_02.uasset" 317
"../../../../../../Davinci/5tiCuatri/Programacion en motores 1/Proyecto2/EpicSurvivalGameSeries-master/EpicSurvivalGameSeries-master/SurvivalGame/Content/Sound/Zombie/Zombie_Vox_Hurt_01.uasset" 318
"../../../../../../Davinci/5tiCuatri/Programacion en motores 1/Proyecto2/EpicSurvivalGameSeries-master/EpicSurvivalGameSeries-master/SurvivalGame/Content/Sound/Zombie/Zombie_Vox_Hurt_Cue.uasset" 319
"../../../../../../Davinci/5tiCuatri/Programacion en motores 1/Proyecto2/EpicSurvivalGameSeries-master/EpicSurvivalGameSeries-master/SurvivalGame/Content/Sound/Zombie/Zombie_Vox_Idle_05.uasset" 320
"../../../../../../Davinci/5tiCuatri/Programacion en motores 1/Proyecto2/EpicSurvivalGameSeries-master/EpicSurvivalGameSeries-master/SurvivalGame/Content/Sound/Zombie/Zombie_Vox_Idle_04.uasset" 321
"../../../../../../Davinci/5tiCuatri/Programacion en motores 1/Proyecto2/EpicSurvivalGameSeries-master/EpicSurvivalGameSeries-master/SurvivalGame/Content/Sound/Zombie/Zombie_Vox_Idle_03.uasset" 322
"../../../../../../Davinci/5tiCuatri/Programacion en motores 1/Proyecto2/EpicSurvivalGameSeries-master/EpicSurvivalGameSeries-master/SurvivalGame/Content/Sound/Zombie/Zombie_Vox_Idle_02.uasset" 323
"../../../../../../Davinci/5tiCuatri/Programacion en motores 1/Proyecto2/EpicSurvivalGameSeries-master/EpicSurvivalGameSeries-master/SurvivalGame/Content/Sound/Zombie/Zombie_Vox_Idle_01.uasset" 324
"../../../../../../Davinci/5tiCuatri/Programacion en motores 1/Proyecto2/EpicSurvivalGameSeries-master/EpicSurvivalGameSeries-master/SurvivalGame/Content/Sound/Zombie/Zombie_Vox_Idle_Cue.uasset" 325
"../../../../../../Davinci/5tiCuatri/Programacion en motores 1/Proyecto2/EpicSurvivalGameSeries-master/EpicSurvivalGameSeries-master/SurvivalGame/Content/Sound/Zombie/Zombie_Vox_Wander_13.uasset" 326
"../../../../../../Davinci/5tiCuatri/Programacion en motores 1/Proyecto2/EpicSurvivalGameSeries-master/EpicSurvivalGameSeries-master/SurvivalGame/Content/Sound/Zombie/Zombie_Vox_Wander_12.uasset" 327
"../../../../../../Davinci/5tiCuatri/Programacion en motores 1/Proyecto2/EpicSurvivalGameSeries-master/EpicSurvivalGameSeries-master/SurvivalGame/Content/Sound/Zombie/Zombie_Vox_Wander_11.uasset" 328
"../../../../../../Davinci/5tiCuatri/Programacion en motores 1/Proyecto2/EpicSurvivalGameSeries-master/EpicSurvivalGameSeries-master/SurvivalGame/Content/Sound/Zombie/Zombie_Vox_Wander_10.uasset" 329
"../../../../../../Davinci/5tiCuatri/Programacion en motores 1/Proyecto2/EpicSurvivalGameSeries-master/EpicSurvivalGameSeries-master/SurvivalGame/Content/Sound/Zombie/Zombie_Vox_Wander_08.uasset" 330
"../../../../../../Davinci/5tiCuatri/Programacion en motores 1/Proyecto2/EpicSurvivalGameSeries-master/EpicSurvivalGameSeries-master/SurvivalGame/Content/Sound/Zombie/Zombie_Vox_Wander_07.uasset" 331
"../../../../../../Davinci/5tiCuatri/Programacion en motores 1/Proyecto2/EpicSurvivalGameSeries-master/EpicSurvivalGameSeries-master/SurvivalGame/Content/Sound/Zombie/Zombie_Vox_Wander_06.uasset" 332
"../../../../../../Davinci/5tiCuatri/Programacion en motores 1/Proyecto2/EpicSurvivalGameSeries-master/EpicSurvivalGameSeries-master/SurvivalGame/Content/Sound/Zombie/Zombie_Vox_Wander_05.uasset" 333
"../../../../../../Davinci/5tiCuatri/Programacion en motores 1/Proyecto2/EpicSurvivalGameSeries-master/EpicSurvivalGameSeries-master/SurvivalGame/Content/Sound/Zombie/Zombie_Vox_Wander_04.uasset" 334
"../../../../../../Davinci/5tiCuatri/Programacion en motores 1/Proyecto2/EpicSurvivalGameSeries-master/EpicSurvivalGameSeries-master/SurvivalGame/Content/Sound/Zombie/Zombie_Vox_Wander_03.uasset" 335
"../../../../../../Davinci/5tiCuatri/Programacion en motores 1/Proyecto2/EpicSurvivalGameSeries-master/EpicSurvivalGameSeries-master/SurvivalGame/Content/Sound/Zombie/Zombie_Vox_Wander_02.uasset" 336
"../../../../../../Davinci/5tiCuatri/Programacion en motores 1/Proyecto2/EpicSurvivalGameSeries-master/EpicSurvivalGameSeries-master/SurvivalGame/Content/Sound/Zombie/Zombie_Vox_Wander_01.uasset" 337
"../../../../../../Davinci/5tiCuatri/Programacion en motores 1/Proyecto2/EpicSurvivalGameSeries-master/EpicSurvivalGameSeries-master/SurvivalGame/Content/Sound/Zombie/Zombie_Vox_Wander_Cue.uasset" 338
"../../../../../../Davinci/5tiCuatri/Programacion en motores 1/Proyecto2/EpicSurvivalGameSeries-master/EpicSurvivalGameSeries-master/SurvivalGame/Content/AI/ZombieCharacter.uasset" 339
"../../../../../../Davinci/5tiCuatri/Programacion en motores 1/Proyecto2/EpicSurvivalGameSeries-master/EpicSurvivalGameSeries-master/SurvivalGame/Content/Base/SurvivalCoopGameModeSetup.uasset" 340
"../../../../../../Davinci/5tiCuatri/Programacion en motores 1/Proyecto2/EpicSurvivalGameSeries-master/EpicSurvivalGameSeries-master/SurvivalGame/Content/UI/Roboto_Font.uasset" 341
"../../../../../../Davinci/5tiCuatri/Programacion en motores 1/Proyecto2/EpicSurvivalGameSeries-master/EpicSurvivalGameSeries-master/SurvivalGame/Content/UI/HUD/M_ResourceBar_01.uasset" 342
"../../../../../../Davinci/5tiCuatri/Programacion en motores 1/Proyecto2/EpicSurvivalGameSeries-master/EpicSurvivalGameSeries-master/SurvivalGame/Content/UI/HUD/MI_ResourceBar_Health.uasset" 343
"../../../../../../Davinci/5tiCuatri/Programacion en motores 1/Proyecto2/EpicSurvivalGameSeries-master/EpicSurvivalGameSeries-master/SurvivalGame/Content/UI/HUD/MI_ResourceBar_Hunger.uasset" 344
"../../../../../../Davinci/5tiCuatri/Programacion en motores 1/Proyecto2/EpicSurvivalGameSeries-master/EpicSurvivalGameSeries-master/SurvivalGame/Content/UI/HUD/M_ResourceBar_Noise.uasset" 345
"../../../../../../Davinci/5tiCuatri/Programacion en motores 1/Proyecto2/EpicSurvivalGameSeries-master/EpicSurvivalGameSeries-master/SurvivalGame/Content/UI/HUD/T_CenterDot_M.uasset" 346
"../../../Engine/Content/Animation/DefaultAnimBoneCompressionSettings.uasset" 347
"../../../Engine/Content/Animation/DefaultAnimCurveCompressionSettings.uasset" 348
"../../../Engine/Content/EngineMaterials/T_Default_Material_Grid_N.uasset" 349
"../../../Engine/Content/Functions/Engine_MaterialFunctions01/Opacity/CameraDepthFade.uasset" 350
"../../../Engine/Content/EngineMaterials/T_Default_Material_Grid_M.uasset" 351
"../../../Engine/Content/EngineMaterials/WorldGridMaterial.uasset" 352
"../../../Engine/Content/ArtTools/RenderToTexture/Meshes/S_1_Unit_Plane.uasset" 353
"../../../Engine/Content/EngineMaterials/DefaultMaterial.uasset" 354
"../../../Engine/Content/BasicShapes/Cone.uasset" 355
"../../../Engine/Content/BasicShapes/Cube.uasset" 356
"../../../Engine/Content/BasicShapes/Plane.uasset" 357
"../../../Engine/Content/BasicShapes/Sphere.uasset" 358
"../../../Engine/Content/EditorLandscapeResources/DataLayer.uasset" 359
"../../../Engine/Content/EditorLandscapeResources/DefaultAlphaTexture.uasset" 360
"../../../Engine/Content/EditorMaterials/MAT_Groups_Toggle.uasset" 361
"../../../Engine/Content/EditorMaterials/MAT_Groups_Visibility.uasset" 362
"../../../Engine/Content/EditorMaterials/PreviewShadowIndicator.uasset" 363
"../../../Engine/Content/EditorMaterials/PreviewShadowIndicatorMaterial.uasset" 364
"../../../Engine/Content/EditorMaterials/MatineeGroups/MAT_ColorTrack.uasset" 365
"../../../Engine/Content/EditorMaterials/MatineeGroups/MAT_Groups_Anim.uasset" 366
"../../../Engine/Content/EditorMaterials/MatineeGroups/MAT_Groups_AudioMaster.uasset" 367
"../../../Engine/Content/EditorMaterials/MatineeGroups/MAT_Groups_Director.uasset" 368
"../../../Engine/Content/EditorMaterials/MatineeGroups/MAT_Groups_Event.uasset" 369
"../../../Engine/Content/EditorMaterials/MatineeGroups/MAT_Groups_Fade.uasset" 370
"../../../Engine/Content/EditorMaterials/MatineeGroups/MAT_Groups_Float.uasset" 371
"../../../Engine/Content/EditorMaterials/MatineeGroups/MAT_Groups_Move.uasset" 372
"../../../Engine/Content/EditorMaterials/MatineeGroups/MAT_Groups_Slomo.uasset" 373
"../../../Engine/Content/EditorMaterials/MatineeGroups/MAT_Groups_Sound.uasset" 374
"../../../Engine/Content/EditorMaterials/MatineeGroups/MAT_Groups_Vector.uasset" 375
"../../../Engine/Content/EditorMaterials/ParticleSystems/PSysThumbnail_NoImage.uasset" 376
"../../../Engine/Content/EditorMaterials/ParticleSystems/PSysThumbnail_OOD.uasset" 377
"../../../Engine/Content/EditorMaterials/Camera/CineMat.uasset" 378
"../../../Engine/Content/EditorMaterials/Camera/MI_CineMat_Rig.uasset" 379
"../../../Engine/Content/EditorMeshes/Camera/SM_CraneRig_Arm.uasset" 380
"../../../Engine/Content/EditorMeshes/Camera/SM_CraneRig_Base.uasset" 381
"../../../Engine/Content/EditorMeshes/Camera/SM_CraneRig_Body.uasset" 382
"../../../Engine/Content/EditorMeshes/Camera/SM_CraneRig_Mount.uasset" 383
"../../../Engine/Content/EditorMeshes/Camera/SM_RailRig_Mount.uasset" 384
"../../../Engine/Content/EditorMeshes/Camera/SM_RailRig_Track.uasset" 385
"../../../Engine/Content/EditorResources/BSPVertex.uasset" 386
"../../../Engine/Content/EditorResources/EmptyActor.uasset" 387
"../../../Engine/Content/EditorResources/S_Actor.uasset" 388
"../../../Engine/Content/EditorResources/S_Note.uasset" 389
"../../../Engine/Content/EditorResources/S_Solver.uasset" 390
"../../../Engine/Content/EditorResources/S_Terrain.uasset" 391
"../../../Engine/Content/EditorResources/S_Trigger.uasset" 392
"../../../Engine/Content/EditorResources/LightIcons/S_LightError.uasset" 393
"../../../Engine/Content/EditorResources/SequenceRecorder/Countdown.uasset" 394
"../../../Engine/Content/EditorResources/SequenceRecorder/RecordingIndicator.uasset" 395
"../../../Engine/Content/EngineDamageTypes/DmgTypeBP_Environmental.uasset" 396
"../../../Engine/Content/EngineDebugMaterials/DebugEditorMaterial.uasset" 397
"../../../Engine/Content/EngineDebugMaterials/DebugMeshMaterial.uasset" 398
"../../../Engine/Content/EngineDebugMaterials/M_SimpleUnlitTranslucent.uasset" 399
"../../../Engine/Content/EngineDebugMaterials/VolumeToRender.uasset" 400
"../../../Engine/Content/Functions/Engine_MaterialFunctions02/Utility/CameraDirectionVector.uasset" 401
"../../../Engine/Content/EngineDebugMaterials/M_VolumeRenderSphereTracePP.uasset" 402
"../../../Engine/Content/Functions/Engine_MaterialFunctions01/Shading/ConvertFromDiffSpec.uasset" 403
"../../../Engine/Content/EngineDebugMaterials/VertexColorMaterial.uasset" 404
"../../../Engine/Content/EngineDebugMaterials/WireframeMaterial.uasset" 405
"../../../Engine/Content/EngineMaterials/BaseFlattenNormalMap.uasset" 406
"../../../Engine/Content/EngineMaterials/BaseFlattenGrayscaleMap.uasset" 407
"../../../Engine/Content/EngineMaterials/BaseFlattenEmissiveMap.uasset" 408
"../../../Engine/Content/EngineMaterials/BaseFlattenDiffuseMap.uasset" 409
"../../../Engine/Content/EngineMaterials/BaseFlattenMaterial.uasset" 410
"../../../Engine/Content/EngineMaterials/BlueNoise.uasset" 411
"../../../Engine/Content/EngineMaterials/DefaultBloomKernel.uasset" 412
"../../../Engine/Content/EngineMaterials/DefaultBokeh.uasset" 413
"../../../Engine/Content/EngineMaterials/DefaultDeferredDecalMaterial.uasset" 414
"../../../Engine/Content/EngineMaterials/DefaultLightFunctionMaterial.uasset" 415
"../../../Engine/Content/EngineMaterials/DefaultPhysicalMaterial.uasset" 416
"../../../Engine/Content/EngineMaterials/DefaultPostProcessMaterial.uasset" 417
"../../../Engine/Content/EngineFonts/RobotoDistanceField.uasset" 418
"../../../Engine/Content/EngineMaterials/DefaultTextMaterialOpaque.uasset" 419
"../../../Engine/Content/EngineMaterials/DefaultWhiteGrid.uasset" 420
"../../../Engine/Content/EngineMaterials/DefaultWhiteGrid_Low.uasset" 421
"../../../Engine/Content/EngineMaterials/EmissiveMeshMaterial.uasset" 422
"../../../Engine/Content/EngineMaterials/GizmoMaterial.uasset" 423
"../../../Engine/Content/EngineMaterials/Good64x64TilingNoiseHighFreq.uasset" 424
"../../../Engine/Content/EngineMaterials/MiniFont.uasset" 425
"../../../Engine/Content/EngineMaterials/InvalidLightmapSettings.uasset" 426
"../../../Engine/Content/EngineMaterials/M_InvalidLightmapSettings.uasset" 427
"../../../Engine/Content/Functions/Engine_MaterialFunctions02/WorldPositionOffset/CameraOffset.uasset" 428
"../../../Engine/Content/EngineMaterials/PhAT_JointLimitMaterial.uasset" 429
"../../../Engine/Content/EngineMaterials/PreintegratedSkinBRDF.uasset" 430
"../../../Engine/Content/EngineMaterials/RemoveSurfaceMaterial.uasset" 431
"../../../Engine/Content/EngineMaterials/WeightMapPlaceholderTexture.uasset" 432
"../../../Engine/Content/EngineResources/WhiteSquareTexture.uasset" 433
"../../../Engine/Content/EngineMaterials/Widget3DPassThrough.uasset" 434
"../../../Engine/Content/EngineMaterials/Widget3DPassThrough_Masked.uasset" 435
"../../../Engine/Content/EngineMaterials/Widget3DPassThrough_Opaque.uasset" 436
"../../../Engine/Content/EngineMaterials/Widget3DPassThrough_Masked_OneSided.uasset" 437
"../../../Engine/Content/EngineMaterials/Widget3DPassThrough_Opaque_OneSided.uasset" 438
"../../../Engine/Content/EngineMaterials/Widget3DPassThrough_Translucent.uasset" 439
"../../../Engine/Content/EngineMaterials/Widget3DPassThrough_Translucent_OneSided.uasset" 440
"../../../Engine/Content/EngineMeshes/Cylinder.uasset" 441
"../../../Engine/Content/EngineMeshes/Sphere.uasset" 442
"../../../Engine/Content/EngineResources/Black.uasset" 443
"../../../Engine/Content/EngineResources/DefaultTextureCube.uasset" 444
"../../../Engine/Content/EngineResources/DefaultVolumeTexture2D.uasset" 445
"../../../Engine/Content/EngineResources/DefaultVolumeTexture.uasset" 446
"../../../Engine/Content/EngineResources/GradientTexture0.uasset" 447
"../../../Engine/Content/EngineSky/VolumetricClouds/T_NoiseShape64.uasset" 448
"../../../Engine/Content/EngineSky/VolumetricClouds/T_VolumeNoiseShape64.uasset" 449
"../../../Engine/Content/EngineSky/VolumetricClouds/T_NoiseErosion.uasset" 450
"../../../Engine/Content/EngineSky/VolumetricClouds/T_VolumeNoiseErosion32.uasset" 451
"../../../Engine/Content/EngineSky/VolumetricClouds/CloudWeatherTexture.uasset" 452
"../../../Engine/Content/EngineSky/VolumetricClouds/CloudGradientTexture.uasset" 453
"../../../Engine/Content/Functions/Engine_MaterialFunctions02/Utility/MakeFloat2.uasset" 454
"../../../Engine/Content/EngineSky/VolumetricClouds/m_SimpleVolumetricCloud.uasset" 455
"../../../Engine/Content/EngineSky/VolumetricClouds/m_SimpleVolumetricCloud_Inst.uasset" 456
"../../../Engine/Content/EngineSounds/Master.uasset" 457
"../../../Engine/Content/Functions/Engine_MaterialFunctions01/Shading/PowerToRoughness.uasset" 458
"../../../Engine/Content/Maps/Templates/Thumbnails/Default.uasset" 459
"../../../Engine/Content/Maps/Templates/Thumbnails/TimeOfDay.uasset" 460
"../../../Engine/Content/Maps/Templates/Thumbnails/VR-Basic.uasset" 461
"../../../Engine/Content/MobileResources/T_MobileControls_texture.uasset" 462
"../../../Engine/Content/MobileResources/T_MobileMenu2.uasset" 463
"../../../Engine/Content/MobileResources/HUD/AnalogHat.uasset" 464
"../../../Engine/Content/MobileResources/HUD/VirtualJoystick_Thumb.uasset" 465
"../../../Engine/Content/MobileResources/HUD/VirtualJoystick_Background.uasset" 466
"../../../Engine/Content/MobileResources/HUD/DefaultVirtualJoysticks.uasset" 467
"../../../Engine/Content/MobileResources/HUD/LeftVirtualJoystickOnly.uasset" 468
"../../../Engine/Content/MobileResources/HUD/MobileHUDButton1_off.uasset" 469
"../../../Engine/Content/MobileResources/HUD/MobileHUDButton1_on.uasset" 470
"../../../Engine/Content/MobileResources/HUD/MobileHUDButton2_off.uasset" 471
"../../../Engine/Content/MobileResources/HUD/MobileHUDButton2_on.uasset" 472
"../../../Engine/Content/MobileResources/HUD/MobileHUDButton3.uasset" 473
"../../../Engine/Content/MobileResources/HUD/MobileHUDButtonFire.uasset" 474
"../../../Engine/Content/MobileResources/HUD/MobileHUDDirectionPad.uasset" 475
"../../../Engine/Content/MobileResources/HUD/MobileHUDDirectionPad2.uasset" 476
"../../../Engine/Content/MobileResources/HUD/MobileHUDDirectionPad3.uasset" 477
"../../../Engine/Content/MobileResources/HUD/MobileHUDDirectionStick.uasset" 478
"../../../Engine/Content/MobileResources/HUD/T_Castle_ThumbstickInner.uasset" 479
"../../../Engine/Content/MobileResources/HUD/T_Castle_ThumbstickOutter.uasset" 480
"../../../Engine/Content/Tutorial/ContentIntroCurve.uasset" 481
"../../../Engine/Content/Tutorial/Basics/LevelEditorAttract.uasset" 482
"../../../Engine/Content/Tutorial/Basics/TutorialAssets/icon_tab_Levels_40x.uasset" 483
"../../../Engine/Content/Tutorial/Basics/LevelEditorOverview.uasset" 484
"../../../Engine/Content/VREditor/TransformGizmo/TranslucentTransformGizmoMaterial.uasset" 485
"../../../Engine/Content/VREditor/LaserPointer/VR_LaserPower_01.uasset" 486
"../../../Engine/Content/VREditor/TransformGizmo/TransformGizmoMaterial.uasset" 487
"../../../Engine/Content/VREditor/TransformGizmo/BoundingBoxCorner.uasset" 488
"../../../Engine/Content/VREditor/TransformGizmo/BoundingBoxEdge.uasset" 489
"../../../Engine/Content/VREditor/TransformGizmo/PlaneTranslationHandle.uasset" 490
"../../../Engine/Content/VREditor/TransformGizmo/Xray.uasset" 491
"../../../Engine/Content/VREditor/TransformGizmo/Main.uasset" 492
"../../../Engine/Content/VREditor/TransformGizmo/SM_Sequencer_Key.uasset" 493
"../../../Engine/Content/VREditor/TransformGizmo/SM_Sequencer_Node.uasset" 494
"../../Plugins/2D/Paper2D/Content/PlaceholderTextures/DummySpriteTexture.uasset" 495
"../../Plugins/2D/Paper2D/Content/DummySprite.uasset" 496
"../../Plugins/2D/Paper2D/Content/DefaultPaperTerrainMaterial.uasset" 497
"../../Plugins/2D/Paper2D/Content/DefaultSpriteMaterial.uasset" 498
"../../Plugins/2D/Paper2D/Content/MaskedUnlitSpriteMaterial.uasset" 499
"../../Plugins/2D/Paper2D/Content/OpaqueUnlitSpriteMaterial.uasset" 500
"../../../Engine/Content/Functions/Engine_MaterialFunctions02/Utility/BreakOutFloat3Components.uasset" 501
"../../Plugins/Editor/SpeedTreeImporter/Content/SpeedTree9/UnpackInteger3.uasset" 502
"../../Plugins/Editor/SpeedTreeImporter/Content/SpeedTree9/UnpackDirection.uasset" 503
"../../Plugins/Editor/SpeedTreeImporter/Content/SpeedTree9/game_wind_noise.uasset" 504
"../../../Engine/Content/Functions/Engine_MaterialFunctions02/SafeNormalize.uasset" 505
"../../Plugins/Editor/SpeedTreeImporter/Content/SpeedTree9/SpeedTreeWindMotion.uasset" 506
"../../Plugins/Editor/SpeedTreeImporter/Content/SpeedTree9/SpeedTreeBranchMotion.uasset" 507
"../../../Engine/Content/Functions/Engine_MaterialFunctions02/ObjectLocalBounds.uasset" 508
"../../../Engine/Content/Functions/Engine_MaterialFunctions02/UVs/BoundingBoxBased_0-1_UVW.uasset" 509
"../../Plugins/Editor/SpeedTreeImporter/Content/SpeedTree9/SpeedTreeWind.uasset" 510
"../../Plugins/Editor/SpeedTreeImporter/Content/SpeedTree9/SpeedTreeBillboard.uasset" 511
"../../../Engine/Content/EngineResources/DefaultTexture.uasset" 512
"../../Plugins/Editor/SpeedTreeImporter/Content/SpeedTree9/SpeedTreeBillboardMaster.uasset" 513
"../../Plugins/Editor/SpeedTreeImporter/Content/SpeedTree9/SpeedTreeCameraFacing.uasset" 514
"../../Plugins/Editor/SpeedTreeImporter/Content/SpeedTree9/SpeedTreeMaster.uasset" 515
"../../../Engine/Content/BasicShapes/Cylinder.uasset" 516
"../../../Engine/Content/ArtTools/RenderToTexture/Materials/Debug/M_Emissive_Color.uasset" 517
"../../Plugins/Lumin/MagicLeapPassableWorld/Content/MagicLeapARPinInfoActor.uasset" 518
"../../../Engine/Content/Functions/Engine_MaterialFunctions02/Utility/MakeFloat3.uasset" 519
"../../../Engine/Content/Functions/Engine_MaterialFunctions02/Utility/BreakOutFloat4Components.uasset" 520
"../../Plugins/Runtime/Oculus/OculusVR/Content/Materials/OculusMR_ChromaKey.uasset" 521
"../../Plugins/Runtime/Oculus/OculusVR/Content/Materials/OculusMR_OpaqueColoredMaterial.uasset" 522
"../../Plugins/Runtime/Oculus/OculusVR/Content/Materials/PokeAHoleMaterial.uasset" 523
"../../../../../../Davinci/5tiCuatri/Programacion en motores 1/Proyecto2/EpicSurvivalGameSeries-master/EpicSurvivalGameSeries-master/SurvivalGame/Content/UI/Menu/Widget_MainMenu.uasset" 524
"../../../../../../Davinci/5tiCuatri/Programacion en motores 1/Proyecto2/EpicSurvivalGameSeries-master/EpicSurvivalGameSeries-master/SurvivalGame/Content/Maps/MainMenu_Entry.umap" 525
